<!DOCTYPE html>
<html>
  <head>
    <meta charset="utf-8"/>
    <title id="head-title">report.html</title>
      <style type="text/css">body {
  font-family: Helvetica, Arial, sans-serif;
  font-size: 12px;
  /* do not increase min-width as some may use split screens */
  min-width: 800px;
  color: #999;
}

h1 {
  font-size: 24px;
  color: black;
}

h2 {
  font-size: 16px;
  color: black;
}

p {
  color: black;
}

a {
  color: #999;
}

table {
  border-collapse: collapse;
}

/******************************
 * SUMMARY INFORMATION
 ******************************/
#environment td {
  padding: 5px;
  border: 1px solid #e6e6e6;
  vertical-align: top;
}
#environment tr:nth-child(odd) {
  background-color: #f6f6f6;
}
#environment ul {
  margin: 0;
  padding: 0 20px;
}

/******************************
 * TEST RESULT COLORS
 ******************************/
span.passed,
.passed .col-result {
  color: green;
}

span.skipped,
span.xfailed,
span.rerun,
.skipped .col-result,
.xfailed .col-result,
.rerun .col-result {
  color: orange;
}

span.error,
span.failed,
span.xpassed,
.error .col-result,
.failed .col-result,
.xpassed .col-result {
  color: red;
}

.col-links__extra {
  margin-right: 3px;
}

/******************************
 * RESULTS TABLE
 *
 * 1. Table Layout
 * 2. Extra
 * 3. Sorting items
 *
 ******************************/
/*------------------
 * 1. Table Layout
 *------------------*/
#results-table {
  border: 1px solid #e6e6e6;
  color: #999;
  font-size: 12px;
  width: 100%;
}
#results-table th,
#results-table td {
  padding: 5px;
  border: 1px solid #e6e6e6;
  text-align: left;
}
#results-table th {
  font-weight: bold;
}

/*------------------
 * 2. Extra
 *------------------*/
.logwrapper {
  max-height: 230px;
  overflow-y: scroll;
  background-color: #e6e6e6;
}
.logwrapper.expanded {
  max-height: none;
}
.logwrapper.expanded .logexpander:after {
  content: "collapse [-]";
}
.logwrapper .logexpander {
  z-index: 1;
  position: sticky;
  top: 10px;
  width: max-content;
  border: 1px solid;
  border-radius: 3px;
  padding: 5px 7px;
  margin: 10px 0 10px calc(100% - 80px);
  cursor: pointer;
  background-color: #e6e6e6;
}
.logwrapper .logexpander:after {
  content: "expand [+]";
}
.logwrapper .logexpander:hover {
  color: #000;
  border-color: #000;
}
.logwrapper .log {
  min-height: 40px;
  position: relative;
  top: -50px;
  height: calc(100% + 50px);
  border: 1px solid #e6e6e6;
  color: black;
  display: block;
  font-family: "Courier New", Courier, monospace;
  padding: 5px;
  padding-right: 80px;
  white-space: pre-wrap;
}

div.media {
  border: 1px solid #e6e6e6;
  float: right;
  height: 240px;
  margin: 0 5px;
  overflow: hidden;
  width: 320px;
}

.media-container {
  display: grid;
  grid-template-columns: 25px auto 25px;
  align-items: center;
  flex: 1 1;
  overflow: hidden;
  height: 200px;
}

.media-container--fullscreen {
  grid-template-columns: 0px auto 0px;
}

.media-container__nav--right,
.media-container__nav--left {
  text-align: center;
  cursor: pointer;
}

.media-container__viewport {
  cursor: pointer;
  text-align: center;
  height: inherit;
}
.media-container__viewport img,
.media-container__viewport video {
  object-fit: cover;
  width: 100%;
  max-height: 100%;
}

.media__name,
.media__counter {
  display: flex;
  flex-direction: row;
  justify-content: space-around;
  flex: 0 0 25px;
  align-items: center;
}

.collapsible td:not(.col-links) {
  cursor: pointer;
}
.collapsible td:not(.col-links):hover::after {
  color: #bbb;
  font-style: italic;
  cursor: pointer;
}

.col-result {
  width: 130px;
}
.col-result:hover::after {
  content: " (hide details)";
}

.col-result.collapsed:hover::after {
  content: " (show details)";
}

#environment-header h2:hover::after {
  content: " (hide details)";
  color: #bbb;
  font-style: italic;
  cursor: pointer;
  font-size: 12px;
}

#environment-header.collapsed h2:hover::after {
  content: " (show details)";
  color: #bbb;
  font-style: italic;
  cursor: pointer;
  font-size: 12px;
}

/*------------------
 * 3. Sorting items
 *------------------*/
.sortable {
  cursor: pointer;
}
.sortable.desc:after {
  content: " ";
  position: relative;
  left: 5px;
  bottom: -12.5px;
  border: 10px solid #4caf50;
  border-bottom: 0;
  border-left-color: transparent;
  border-right-color: transparent;
}
.sortable.asc:after {
  content: " ";
  position: relative;
  left: 5px;
  bottom: 12.5px;
  border: 10px solid #4caf50;
  border-top: 0;
  border-left-color: transparent;
  border-right-color: transparent;
}

.hidden, .summary__reload__button.hidden {
  display: none;
}

.summary__data {
  flex: 0 0 550px;
}
.summary__reload {
  flex: 1 1;
  display: flex;
  justify-content: center;
}
.summary__reload__button {
  flex: 0 0 300px;
  display: flex;
  color: white;
  font-weight: bold;
  background-color: #4caf50;
  text-align: center;
  justify-content: center;
  align-items: center;
  border-radius: 3px;
  cursor: pointer;
}
.summary__reload__button:hover {
  background-color: #46a049;
}
.summary__spacer {
  flex: 0 0 550px;
}

.controls {
  display: flex;
  justify-content: space-between;
}

.filters,
.collapse {
  display: flex;
  align-items: center;
}
.filters button,
.collapse button {
  color: #999;
  border: none;
  background: none;
  cursor: pointer;
  text-decoration: underline;
}
.filters button:hover,
.collapse button:hover {
  color: #ccc;
}

.filter__label {
  margin-right: 10px;
}

      </style>
    
  </head>
  <body>
    <h1 id="title">report.html</h1>
    <p>Report generated on 21-Jan-2026 at 14:29:39 by <a href="https://pypi.python.org/pypi/pytest-html">pytest-html</a>
        v4.0.2</p>
    <div id="environment-header">
      <h2>Environment</h2>
    </div>
    <table id="environment"></table>
    <!-- TEMPLATES -->
      <template id="template_environment_row">
      <tr>
        <td></td>
        <td></td>
      </tr>
    </template>
    <template id="template_results-table__body--empty">
      <tbody class="results-table-row">
        <tr id="not-found-message">
          <td colspan="5">No results found. Check the filters.</th>
        </tr>
    </template>
    <template id="template_results-table__tbody">
      <tbody class="results-table-row">
        <tr class="collapsible">
        </tr>
        <tr class="extras-row">
          <td class="extra" colspan="5">
            <div class="extraHTML"></div>
            <div class="media">
              <div class="media-container">
                  <div class="media-container__nav--left"><</div>
                  <div class="media-container__viewport">
                    <img src="" />
                    <video controls>
                      <source src="" type="video/mp4">
                    </video>
                  </div>
                  <div class="media-container__nav--right">></div>
                </div>
                <div class="media__name"></div>
                <div class="media__counter"></div>
            </div>
            <div class="logwrapper">
              <div class="logexpander"></div>
              <div class="log"></div>
            </div>
          </td>
        </tr>
      </tbody>
    </template>
    <!-- END TEMPLATES -->
    <div class="summary">
      <div class="summary__data">
        <h2>Summary</h2>
        <div class="additional-summary prefix">
        </div>
        <p class="run-count">66 tests took 00:09:15.</p>
        <p class="filter">(Un)check the boxes to filter the results.</p>
        <div class="summary__reload">
          <div class="summary__reload__button hidden" onclick="location.reload()">
            <div>There are still tests running. <br />Reload this page to ge the latest results!</div>
          </div>
        </div>
        <div class="summary__spacer"></div>
        <div class="controls">
          <div class="filters">
            <input checked="true" class="filter" name="filter_checkbox" type="checkbox" data-test-result="failed" />
            <span class="failed">2 Failed,</span>
            <input checked="true" class="filter" name="filter_checkbox" type="checkbox" data-test-result="passed" />
            <span class="passed">64 Passed,</span>
            <input checked="true" class="filter" name="filter_checkbox" type="checkbox" data-test-result="skipped" disabled/>
            <span class="skipped">0 Skipped,</span>
            <input checked="true" class="filter" name="filter_checkbox" type="checkbox" data-test-result="xfailed" disabled/>
            <span class="xfailed">0 Expected failures,</span>
            <input checked="true" class="filter" name="filter_checkbox" type="checkbox" data-test-result="xpassed" disabled/>
            <span class="xpassed">0 Unexpected passes,</span>
            <input checked="true" class="filter" name="filter_checkbox" type="checkbox" data-test-result="error" disabled/>
            <span class="error">0 Errors,</span>
            <input checked="true" class="filter" name="filter_checkbox" type="checkbox" data-test-result="rerun" disabled/>
            <span class="rerun">0 Reruns</span>
          </div>
          <div class="collapse">
            <button id="show_all_details">Show all details</button>&nbsp;/&nbsp;<button id="hide_all_details">Hide all details</button>
          </div>
        </div>
      </div>
      <div class="additional-summary summary">
      </div>
      <div class="additional-summary postfix">
      </div>
    </div>
    <table id="results-table">
      <thead id="results-table-head">
        <tr>
          <th class="sortable" data-column-type="result">Result</th>
          <th class="sortable" data-column-type="testId">Test</th>
          <th>Screenshot</th>
          <th class="sortable" data-column-type="duration">Duration</th>
          <th>Links</th>
        </tr>
      </thead>
    </table>
  </body>
  <footer>
    <div id="data-container" data-jsonblob="{&#34;environment&#34;: {&#34;Python&#34;: &#34;3.12.6&#34;, &#34;Platform&#34;: &#34;Windows-11-10.0.26200-SP0&#34;, &#34;Packages&#34;: {&#34;pytest&#34;: &#34;8.3.3&#34;, &#34;pluggy&#34;: &#34;1.6.0&#34;}, &#34;Plugins&#34;: {&#34;allure-pytest&#34;: &#34;2.13.5&#34;, &#34;html&#34;: &#34;4.0.2&#34;, &#34;metadata&#34;: &#34;3.1.1&#34;, &#34;rerunfailures&#34;: &#34;14.0&#34;, &#34;xdist&#34;: &#34;3.6.1&#34;}, &#34;JAVA_HOME&#34;: &#34;C:\\Program Files\\Java\\jdk-21&#34;}, &#34;tests&#34;: {&#34;tests/test_01_registration.py::TestRegistration::test_01_register_with_valid_details&#34;: [{&#34;extras&#34;: [], &#34;result&#34;: &#34;Passed&#34;, &#34;testId&#34;: &#34;tests/test_01_registration.py::TestRegistration::test_01_register_with_valid_details&#34;, &#34;duration&#34;: &#34;00:00:03&#34;, &#34;resultsTableRow&#34;: [&#34;&lt;td class=\&#34;col-result\&#34;&gt;Passed&lt;/td&gt;&#34;, &#34;&lt;td class=\&#34;col-testId\&#34;&gt;tests/test_01_registration.py::TestRegistration::test_01_register_with_valid_details&lt;/td&gt;&#34;, &#34;&#34;, &#34;&lt;td class=\&#34;col-duration\&#34;&gt;00:00:03&lt;/td&gt;&#34;, &#34;&lt;td class=\&#34;col-links\&#34;&gt;&lt;/td&gt;&#34;], &#34;log&#34;: &#34;------------------------------ Captured log call -------------------------------\nINFO     test_logger:test_01_registration.py:57 [PASS] Registration should redirect to the success page.\n\n&#34;}], &#34;tests/test_01_registration.py::TestRegistration::test_02_register_with_existing_email&#34;: [{&#34;extras&#34;: [], &#34;result&#34;: &#34;Passed&#34;, &#34;testId&#34;: &#34;tests/test_01_registration.py::TestRegistration::test_02_register_with_existing_email&#34;, &#34;duration&#34;: &#34;00:00:02&#34;, &#34;resultsTableRow&#34;: [&#34;&lt;td class=\&#34;col-result\&#34;&gt;Passed&lt;/td&gt;&#34;, &#34;&lt;td class=\&#34;col-testId\&#34;&gt;tests/test_01_registration.py::TestRegistration::test_02_register_with_existing_email&lt;/td&gt;&#34;, &#34;&#34;, &#34;&lt;td class=\&#34;col-duration\&#34;&gt;00:00:02&lt;/td&gt;&#34;, &#34;&lt;td class=\&#34;col-links\&#34;&gt;&lt;/td&gt;&#34;], &#34;log&#34;: &#34;------------------------------ Captured log call -------------------------------\nINFO     test_logger:test_01_registration.py:80 [PASS] Expected &#39;Warning: E-Mail Address is already registered!&#39; to be in &#39;Warning: E-Mail Address is already registered!&#39;\n\n&#34;}], &#34;tests/test_01_registration.py::TestRegistration::test_03_register_with_empty_fields&#34;: [{&#34;extras&#34;: [], &#34;result&#34;: &#34;Passed&#34;, &#34;testId&#34;: &#34;tests/test_01_registration.py::TestRegistration::test_03_register_with_empty_fields&#34;, &#34;duration&#34;: &#34;00:00:02&#34;, &#34;resultsTableRow&#34;: [&#34;&lt;td class=\&#34;col-result\&#34;&gt;Passed&lt;/td&gt;&#34;, &#34;&lt;td class=\&#34;col-testId\&#34;&gt;tests/test_01_registration.py::TestRegistration::test_03_register_with_empty_fields&lt;/td&gt;&#34;, &#34;&#34;, &#34;&lt;td class=\&#34;col-duration\&#34;&gt;00:00:02&lt;/td&gt;&#34;, &#34;&lt;td class=\&#34;col-links\&#34;&gt;&lt;/td&gt;&#34;], &#34;log&#34;: &#34;------------------------------ Captured log call -------------------------------\nINFO     test_logger:test_01_registration.py:119 [PASS] Expected &#39;First Name must be between 1 and 32 characters!&#39; to be in &#39;First Name must be between 1 and 32 characters!&#39;\nINFO     test_logger:test_01_registration.py:123 [PASS] Expected &#39;Last Name must be between 1 and 32 characters!&#39; to be in &#39;Last Name must be between 1 and 32 characters!&#39;\nINFO     test_logger:test_01_registration.py:127 [PASS] Expected &#39;E-Mail Address does not appear to be valid!&#39; to be in &#39;E-Mail Address does not appear to be valid!&#39;\nINFO     test_logger:test_01_registration.py:131 [PASS] Expected &#39;Password must be between 4 and 20 characters!&#39; to be in &#39;Password must be between 4 and 20 characters!&#39;\n\n&#34;}], &#34;tests/test_01_registration.py::TestRegistration::test_04_register_with_invalid_email_format&#34;: [{&#34;extras&#34;: [], &#34;result&#34;: &#34;Passed&#34;, &#34;testId&#34;: &#34;tests/test_01_registration.py::TestRegistration::test_04_register_with_invalid_email_format&#34;, &#34;duration&#34;: &#34;00:00:02&#34;, &#34;resultsTableRow&#34;: [&#34;&lt;td class=\&#34;col-result\&#34;&gt;Passed&lt;/td&gt;&#34;, &#34;&lt;td class=\&#34;col-testId\&#34;&gt;tests/test_01_registration.py::TestRegistration::test_04_register_with_invalid_email_format&lt;/td&gt;&#34;, &#34;&#34;, &#34;&lt;td class=\&#34;col-duration\&#34;&gt;00:00:02&lt;/td&gt;&#34;, &#34;&lt;td class=\&#34;col-links\&#34;&gt;&lt;/td&gt;&#34;], &#34;log&#34;: &#34;------------------------------ Captured log call -------------------------------\nINFO     test_logger:test_01_registration.py:150 [PASS] Expected &#39;E-Mail Address does not appear to be valid!&#39; to be in &#39;E-Mail Address does not appear to be valid!&#39;\n\n&#34;}], &#34;tests/test_01_registration.py::TestRegistration::test_05_register_with_special_characters_in_name&#34;: [{&#34;extras&#34;: [{&#34;name&#34;: &#34;Image&#34;, &#34;format_type&#34;: &#34;image&#34;, &#34;content&#34;: &#34;screenshots/tests_test_01_registration.py_TestRegistration_test_05_register_with_special_characters_in_name.png&#34;, &#34;mime_type&#34;: &#34;image/png&#34;, &#34;extension&#34;: &#34;png&#34;}], &#34;result&#34;: &#34;Failed&#34;, &#34;testId&#34;: &#34;tests/test_01_registration.py::TestRegistration::test_05_register_with_special_characters_in_name&#34;, &#34;duration&#34;: &#34;00:00:03&#34;, &#34;resultsTableRow&#34;: [&#34;&lt;td class=\&#34;col-result\&#34;&gt;Failed&lt;/td&gt;&#34;, &#34;&lt;td class=\&#34;col-testId\&#34;&gt;tests/test_01_registration.py::TestRegistration::test_05_register_with_special_characters_in_name&lt;/td&gt;&#34;, &#34;&#34;, &#34;&lt;td class=\&#34;col-duration\&#34;&gt;00:00:03&lt;/td&gt;&#34;, &#34;&lt;td class=\&#34;col-links\&#34;&gt;&lt;/td&gt;&#34;], &#34;log&#34;: &#34;tests\\test_01_registration.py:173: in test_05_register_with_special_characters_in_name\n    soft.assert_all()\nutils\\soft_assert.py:98: in assert_all\n    raise AssertionError(\&#34;Soft assertion errors occurred:\\n\&#34; + error_details)\nE   AssertionError: Soft assertion errors occurred:\nE   [ASSERT_TRUE FAIL] Registration should not succeed with invalid name characters. Current URL: http://localhost/opencart/upload/index.php?route=account/success&amp;language=en-gb&amp;customer_token=c3b79f8fab68d2f9d3b7f9551b\n\n------------------------------ Captured log call -------------------------------\nERROR    test_logger:test_01_registration.py:169 [ASSERT_TRUE FAIL] Registration should not succeed with invalid name characters. Current URL: http://localhost/opencart/upload/index.php?route=account/success&amp;language=en-gb&amp;customer_token=c3b79f8fab68d2f9d3b7f9551b\n\n&#34;}], &#34;tests/test_01_registration.py::TestRegistration::test_06_register_with_spaces_only&#34;: [{&#34;extras&#34;: [], &#34;result&#34;: &#34;Passed&#34;, &#34;testId&#34;: &#34;tests/test_01_registration.py::TestRegistration::test_06_register_with_spaces_only&#34;, &#34;duration&#34;: &#34;00:00:02&#34;, &#34;resultsTableRow&#34;: [&#34;&lt;td class=\&#34;col-result\&#34;&gt;Passed&lt;/td&gt;&#34;, &#34;&lt;td class=\&#34;col-testId\&#34;&gt;tests/test_01_registration.py::TestRegistration::test_06_register_with_spaces_only&lt;/td&gt;&#34;, &#34;&#34;, &#34;&lt;td class=\&#34;col-duration\&#34;&gt;00:00:02&lt;/td&gt;&#34;, &#34;&lt;td class=\&#34;col-links\&#34;&gt;&lt;/td&gt;&#34;], &#34;log&#34;: &#34;------------------------------ Captured log call -------------------------------\nINFO     test_logger:test_01_registration.py:194 [PASS] Expected &#39;First Name must be between 1 and 32 characters!&#39; to be in &#39;First Name must be between 1 and 32 characters!&#39;\nINFO     test_logger:test_01_registration.py:205 [PASS] Expected &#39;Last Name must be between 1 and 32 characters!&#39; to be in &#39;Last Name must be between 1 and 32 characters!&#39;\nINFO     test_logger:test_01_registration.py:212 [PASS] Expected &#39;E-Mail Address does not appear to be valid!&#39; to be in &#39;E-Mail Address does not appear to be valid!&#39;\nINFO     test_logger:test_01_registration.py:225 [PASS] Expected &#39;Password must be between 4 and 20 characters!&#39; to be in &#39;Password must be between 4 and 20 characters!&#39;\n\n&#34;}], &#34;tests/test_01_registration.py::TestRegistration::test_07_password_length_boundaries[123-False]&#34;: [{&#34;extras&#34;: [], &#34;result&#34;: &#34;Passed&#34;, &#34;testId&#34;: &#34;tests/test_01_registration.py::TestRegistration::test_07_password_length_boundaries[123-False]&#34;, &#34;duration&#34;: &#34;00:00:02&#34;, &#34;resultsTableRow&#34;: [&#34;&lt;td class=\&#34;col-result\&#34;&gt;Passed&lt;/td&gt;&#34;, &#34;&lt;td class=\&#34;col-testId\&#34;&gt;tests/test_01_registration.py::TestRegistration::test_07_password_length_boundaries[123-False]&lt;/td&gt;&#34;, &#34;&#34;, &#34;&lt;td class=\&#34;col-duration\&#34;&gt;00:00:02&lt;/td&gt;&#34;, &#34;&lt;td class=\&#34;col-links\&#34;&gt;&lt;/td&gt;&#34;], &#34;log&#34;: &#34;------------------------------ Captured log call -------------------------------\nINFO     test_logger:test_01_registration.py:271 [PASS] Password length 3 should fail. Current URL: http://localhost/opencart/upload/index.php?route=account/register&amp;language=en-gb\nINFO     test_logger:test_01_registration.py:276 [PASS] Password length 3 failed as expected.\n\n&#34;}], &#34;tests/test_01_registration.py::TestRegistration::test_07_password_length_boundaries[1234-True]&#34;: [{&#34;extras&#34;: [], &#34;result&#34;: &#34;Passed&#34;, &#34;testId&#34;: &#34;tests/test_01_registration.py::TestRegistration::test_07_password_length_boundaries[1234-True]&#34;, &#34;duration&#34;: &#34;00:00:03&#34;, &#34;resultsTableRow&#34;: [&#34;&lt;td class=\&#34;col-result\&#34;&gt;Passed&lt;/td&gt;&#34;, &#34;&lt;td class=\&#34;col-testId\&#34;&gt;tests/test_01_registration.py::TestRegistration::test_07_password_length_boundaries[1234-True]&lt;/td&gt;&#34;, &#34;&#34;, &#34;&lt;td class=\&#34;col-duration\&#34;&gt;00:00:03&lt;/td&gt;&#34;, &#34;&lt;td class=\&#34;col-links\&#34;&gt;&lt;/td&gt;&#34;], &#34;log&#34;: &#34;------------------------------ Captured log call -------------------------------\nINFO     test_logger:test_01_registration.py:263 [PASS] Password length 4 should succeed. Current URL: http://localhost/opencart/upload/index.php?route=account/success&amp;language=en-gb&amp;customer_token=72a7950bc0a7f5c48a82394fe4\nINFO     test_logger:test_01_registration.py:268 [PASS] Password length 4 succeeded as expected.\n\n&#34;}], &#34;tests/test_01_registration.py::TestRegistration::test_07_password_length_boundaries[aaaaaaaaaaaaaaaaaaaaaaaaaaaaaaaaaaaaaaaa-True]&#34;: [{&#34;extras&#34;: [], &#34;result&#34;: &#34;Passed&#34;, &#34;testId&#34;: &#34;tests/test_01_registration.py::TestRegistration::test_07_password_length_boundaries[aaaaaaaaaaaaaaaaaaaaaaaaaaaaaaaaaaaaaaaa-True]&#34;, &#34;duration&#34;: &#34;00:00:03&#34;, &#34;resultsTableRow&#34;: [&#34;&lt;td class=\&#34;col-result\&#34;&gt;Passed&lt;/td&gt;&#34;, &#34;&lt;td class=\&#34;col-testId\&#34;&gt;tests/test_01_registration.py::TestRegistration::test_07_password_length_boundaries[aaaaaaaaaaaaaaaaaaaaaaaaaaaaaaaaaaaaaaaa-True]&lt;/td&gt;&#34;, &#34;&#34;, &#34;&lt;td class=\&#34;col-duration\&#34;&gt;00:00:03&lt;/td&gt;&#34;, &#34;&lt;td class=\&#34;col-links\&#34;&gt;&lt;/td&gt;&#34;], &#34;log&#34;: &#34;------------------------------ Captured log call -------------------------------\nINFO     test_logger:test_01_registration.py:263 [PASS] Password length 40 should succeed. Current URL: http://localhost/opencart/upload/index.php?route=account/success&amp;language=en-gb&amp;customer_token=2a27f0b9e495433f2db578daaf\nINFO     test_logger:test_01_registration.py:268 [PASS] Password length 40 succeeded as expected.\n\n&#34;}], &#34;tests/test_01_registration.py::TestRegistration::test_07_password_length_boundaries[aaaaaaaaaaaaaaaaaaaaaaaaaaaaaaaaaaaaaaaaa-False]&#34;: [{&#34;extras&#34;: [], &#34;result&#34;: &#34;Passed&#34;, &#34;testId&#34;: &#34;tests/test_01_registration.py::TestRegistration::test_07_password_length_boundaries[aaaaaaaaaaaaaaaaaaaaaaaaaaaaaaaaaaaaaaaaa-False]&#34;, &#34;duration&#34;: &#34;00:00:02&#34;, &#34;resultsTableRow&#34;: [&#34;&lt;td class=\&#34;col-result\&#34;&gt;Passed&lt;/td&gt;&#34;, &#34;&lt;td class=\&#34;col-testId\&#34;&gt;tests/test_01_registration.py::TestRegistration::test_07_password_length_boundaries[aaaaaaaaaaaaaaaaaaaaaaaaaaaaaaaaaaaaaaaaa-False]&lt;/td&gt;&#34;, &#34;&#34;, &#34;&lt;td class=\&#34;col-duration\&#34;&gt;00:00:02&lt;/td&gt;&#34;, &#34;&lt;td class=\&#34;col-links\&#34;&gt;&lt;/td&gt;&#34;], &#34;log&#34;: &#34;------------------------------ Captured log call -------------------------------\nINFO     test_logger:test_01_registration.py:271 [PASS] Password length 41 should fail. Current URL: http://localhost/opencart/upload/index.php?route=account/register&amp;language=en-gb\nINFO     test_logger:test_01_registration.py:276 [PASS] Password length 41 failed as expected.\n\n&#34;}], &#34;tests/test_01_registration.py::TestRegistration::test_08_registration_while_logged_in&#34;: [{&#34;extras&#34;: [], &#34;result&#34;: &#34;Passed&#34;, &#34;testId&#34;: &#34;tests/test_01_registration.py::TestRegistration::test_08_registration_while_logged_in&#34;, &#34;duration&#34;: &#34;00:00:12&#34;, &#34;resultsTableRow&#34;: [&#34;&lt;td class=\&#34;col-result\&#34;&gt;Passed&lt;/td&gt;&#34;, &#34;&lt;td class=\&#34;col-testId\&#34;&gt;tests/test_01_registration.py::TestRegistration::test_08_registration_while_logged_in&lt;/td&gt;&#34;, &#34;&#34;, &#34;&lt;td class=\&#34;col-duration\&#34;&gt;00:00:12&lt;/td&gt;&#34;, &#34;&lt;td class=\&#34;col-links\&#34;&gt;&lt;/td&gt;&#34;], &#34;log&#34;: &#34;------------------------------ Captured log call -------------------------------\nINFO     test_logger:test_01_registration.py:295 [PASS] Logged-in users should not be able to open the registration page.\n\n&#34;}], &#34;tests/test_02_login.py::TestLogin::test_01_login_with_valid_credentials&#34;: [{&#34;extras&#34;: [], &#34;result&#34;: &#34;Passed&#34;, &#34;testId&#34;: &#34;tests/test_02_login.py::TestLogin::test_01_login_with_valid_credentials&#34;, &#34;duration&#34;: &#34;00:00:02&#34;, &#34;resultsTableRow&#34;: [&#34;&lt;td class=\&#34;col-result\&#34;&gt;Passed&lt;/td&gt;&#34;, &#34;&lt;td class=\&#34;col-testId\&#34;&gt;tests/test_02_login.py::TestLogin::test_01_login_with_valid_credentials&lt;/td&gt;&#34;, &#34;&#34;, &#34;&lt;td class=\&#34;col-duration\&#34;&gt;00:00:02&lt;/td&gt;&#34;, &#34;&lt;td class=\&#34;col-links\&#34;&gt;&lt;/td&gt;&#34;], &#34;log&#34;: &#34;------------------------------ Captured log call -------------------------------\nINFO     test_logger:test_02_login.py:49 [PASS] Expected user to be redirected to account dashboard after login.\n\n&#34;}], &#34;tests/test_02_login.py::TestLogin::test_02_login_with_uppercase_email&#34;: [{&#34;extras&#34;: [], &#34;result&#34;: &#34;Passed&#34;, &#34;testId&#34;: &#34;tests/test_02_login.py::TestLogin::test_02_login_with_uppercase_email&#34;, &#34;duration&#34;: &#34;00:00:02&#34;, &#34;resultsTableRow&#34;: [&#34;&lt;td class=\&#34;col-result\&#34;&gt;Passed&lt;/td&gt;&#34;, &#34;&lt;td class=\&#34;col-testId\&#34;&gt;tests/test_02_login.py::TestLogin::test_02_login_with_uppercase_email&lt;/td&gt;&#34;, &#34;&#34;, &#34;&lt;td class=\&#34;col-duration\&#34;&gt;00:00:02&lt;/td&gt;&#34;, &#34;&lt;td class=\&#34;col-links\&#34;&gt;&lt;/td&gt;&#34;], &#34;log&#34;: &#34;------------------------------ Captured log call -------------------------------\nINFO     test_logger:test_02_login.py:65 [PASS] Expected uppercase email to be accepted and redirect to dashboard.\n\n&#34;}], &#34;tests/test_02_login.py::TestLogin::test_03_login_with_spaces_in_credentials&#34;: [{&#34;extras&#34;: [], &#34;result&#34;: &#34;Passed&#34;, &#34;testId&#34;: &#34;tests/test_02_login.py::TestLogin::test_03_login_with_spaces_in_credentials&#34;, &#34;duration&#34;: &#34;00:00:02&#34;, &#34;resultsTableRow&#34;: [&#34;&lt;td class=\&#34;col-result\&#34;&gt;Passed&lt;/td&gt;&#34;, &#34;&lt;td class=\&#34;col-testId\&#34;&gt;tests/test_02_login.py::TestLogin::test_03_login_with_spaces_in_credentials&lt;/td&gt;&#34;, &#34;&#34;, &#34;&lt;td class=\&#34;col-duration\&#34;&gt;00:00:02&lt;/td&gt;&#34;, &#34;&lt;td class=\&#34;col-links\&#34;&gt;&lt;/td&gt;&#34;], &#34;log&#34;: &#34;------------------------------ Captured log call -------------------------------\nINFO     test_logger:test_02_login.py:84 [PASS] Expected credentials with surrounding spaces to be trimmed and login to succeed.\n\n&#34;}], &#34;tests/test_02_login.py::TestLogin::test_04_login_with_incorrect_password&#34;: [{&#34;extras&#34;: [], &#34;result&#34;: &#34;Passed&#34;, &#34;testId&#34;: &#34;tests/test_02_login.py::TestLogin::test_04_login_with_incorrect_password&#34;, &#34;duration&#34;: &#34;00:00:02&#34;, &#34;resultsTableRow&#34;: [&#34;&lt;td class=\&#34;col-result\&#34;&gt;Passed&lt;/td&gt;&#34;, &#34;&lt;td class=\&#34;col-testId\&#34;&gt;tests/test_02_login.py::TestLogin::test_04_login_with_incorrect_password&lt;/td&gt;&#34;, &#34;&#34;, &#34;&lt;td class=\&#34;col-duration\&#34;&gt;00:00:02&lt;/td&gt;&#34;, &#34;&lt;td class=\&#34;col-links\&#34;&gt;&lt;/td&gt;&#34;], &#34;log&#34;: &#34;------------------------------ Captured log call -------------------------------\nINFO     test_logger:test_02_login.py:105 [PASS] Expected warning message for incorrect password.\nINFO     test_logger:test_02_login.py:106 [PASS] Expected user to remain on login page after failed login.\n\n&#34;}], &#34;tests/test_02_login.py::TestLogin::test_05_login_with_blank_fields&#34;: [{&#34;extras&#34;: [], &#34;result&#34;: &#34;Passed&#34;, &#34;testId&#34;: &#34;tests/test_02_login.py::TestLogin::test_05_login_with_blank_fields&#34;, &#34;duration&#34;: &#34;00:00:01&#34;, &#34;resultsTableRow&#34;: [&#34;&lt;td class=\&#34;col-result\&#34;&gt;Passed&lt;/td&gt;&#34;, &#34;&lt;td class=\&#34;col-testId\&#34;&gt;tests/test_02_login.py::TestLogin::test_05_login_with_blank_fields&lt;/td&gt;&#34;, &#34;&#34;, &#34;&lt;td class=\&#34;col-duration\&#34;&gt;00:00:01&lt;/td&gt;&#34;, &#34;&lt;td class=\&#34;col-links\&#34;&gt;&lt;/td&gt;&#34;], &#34;log&#34;: &#34;------------------------------ Captured log call -------------------------------\nINFO     test_logger:test_02_login.py:123 [PASS] Expected &#39;No match&#39; warning or rate-limit warning for blank fields.\nINFO     test_logger:test_02_login.py:127 [PASS] Expected user to remain on login page after failed login.\n\n&#34;}], &#34;tests/test_02_login.py::TestLogin::test_06_login_with_unregistered_email&#34;: [{&#34;extras&#34;: [], &#34;result&#34;: &#34;Passed&#34;, &#34;testId&#34;: &#34;tests/test_02_login.py::TestLogin::test_06_login_with_unregistered_email&#34;, &#34;duration&#34;: &#34;00:00:01&#34;, &#34;resultsTableRow&#34;: [&#34;&lt;td class=\&#34;col-result\&#34;&gt;Passed&lt;/td&gt;&#34;, &#34;&lt;td class=\&#34;col-testId\&#34;&gt;tests/test_02_login.py::TestLogin::test_06_login_with_unregistered_email&lt;/td&gt;&#34;, &#34;&#34;, &#34;&lt;td class=\&#34;col-duration\&#34;&gt;00:00:01&lt;/td&gt;&#34;, &#34;&lt;td class=\&#34;col-links\&#34;&gt;&lt;/td&gt;&#34;], &#34;log&#34;: &#34;------------------------------ Captured log call -------------------------------\nINFO     test_logger:test_02_login.py:142 [PASS] Expected warning for unregistered email.\nINFO     test_logger:test_02_login.py:146 [PASS] Expected user to remain on login page after failed login.\n\n&#34;}], &#34;tests/test_02_login.py::TestLogin::test_07_login_sql_injection_with_existing_email&#34;: [{&#34;extras&#34;: [], &#34;result&#34;: &#34;Passed&#34;, &#34;testId&#34;: &#34;tests/test_02_login.py::TestLogin::test_07_login_sql_injection_with_existing_email&#34;, &#34;duration&#34;: &#34;00:00:02&#34;, &#34;resultsTableRow&#34;: [&#34;&lt;td class=\&#34;col-result\&#34;&gt;Passed&lt;/td&gt;&#34;, &#34;&lt;td class=\&#34;col-testId\&#34;&gt;tests/test_02_login.py::TestLogin::test_07_login_sql_injection_with_existing_email&lt;/td&gt;&#34;, &#34;&#34;, &#34;&lt;td class=\&#34;col-duration\&#34;&gt;00:00:02&lt;/td&gt;&#34;, &#34;&lt;td class=\&#34;col-links\&#34;&gt;&lt;/td&gt;&#34;], &#34;log&#34;: &#34;------------------------------ Captured log call -------------------------------\nINFO     test_logger:test_02_login.py:164 [PASS] Expected warning for SQL injection attempt in password field.\nINFO     test_logger:test_02_login.py:165 [PASS] Expected user to remain on login page after failed login.\n\n&#34;}], &#34;tests/test_02_login.py::TestLogin::test_08_login_sql_injection_in_email_field&#34;: [{&#34;extras&#34;: [], &#34;result&#34;: &#34;Passed&#34;, &#34;testId&#34;: &#34;tests/test_02_login.py::TestLogin::test_08_login_sql_injection_in_email_field&#34;, &#34;duration&#34;: &#34;00:00:01&#34;, &#34;resultsTableRow&#34;: [&#34;&lt;td class=\&#34;col-result\&#34;&gt;Passed&lt;/td&gt;&#34;, &#34;&lt;td class=\&#34;col-testId\&#34;&gt;tests/test_02_login.py::TestLogin::test_08_login_sql_injection_in_email_field&lt;/td&gt;&#34;, &#34;&#34;, &#34;&lt;td class=\&#34;col-duration\&#34;&gt;00:00:01&lt;/td&gt;&#34;, &#34;&lt;td class=\&#34;col-links\&#34;&gt;&lt;/td&gt;&#34;], &#34;log&#34;: &#34;------------------------------ Captured log call -------------------------------\nINFO     test_logger:test_02_login.py:181 [PASS] Expected warning for SQL injection attempt in email field.\nINFO     test_logger:test_02_login.py:182 [PASS] Expected user to remain on login page after failed login.\n\n&#34;}], &#34;tests/test_02_login.py::TestLogin::test_09_login_after_multiple_failed_attempts&#34;: [{&#34;extras&#34;: [], &#34;result&#34;: &#34;Passed&#34;, &#34;testId&#34;: &#34;tests/test_02_login.py::TestLogin::test_09_login_after_multiple_failed_attempts&#34;, &#34;duration&#34;: &#34;00:00:03&#34;, &#34;resultsTableRow&#34;: [&#34;&lt;td class=\&#34;col-result\&#34;&gt;Passed&lt;/td&gt;&#34;, &#34;&lt;td class=\&#34;col-testId\&#34;&gt;tests/test_02_login.py::TestLogin::test_09_login_after_multiple_failed_attempts&lt;/td&gt;&#34;, &#34;&#34;, &#34;&lt;td class=\&#34;col-duration\&#34;&gt;00:00:03&lt;/td&gt;&#34;, &#34;&lt;td class=\&#34;col-links\&#34;&gt;&lt;/td&gt;&#34;], &#34;log&#34;: &#34;------------------------------ Captured log call -------------------------------\nINFO     test_logger:test_02_login.py:205 [PASS] Expected login to remain blocked or warning displayed after multiple failures.\n\n&#34;}], &#34;tests/test_02_login.py::TestLogin::test_10_access_login_while_logged_in&#34;: [{&#34;extras&#34;: [], &#34;result&#34;: &#34;Passed&#34;, &#34;testId&#34;: &#34;tests/test_02_login.py::TestLogin::test_10_access_login_while_logged_in&#34;, &#34;duration&#34;: &#34;00:00:03&#34;, &#34;resultsTableRow&#34;: [&#34;&lt;td class=\&#34;col-result\&#34;&gt;Passed&lt;/td&gt;&#34;, &#34;&lt;td class=\&#34;col-testId\&#34;&gt;tests/test_02_login.py::TestLogin::test_10_access_login_while_logged_in&lt;/td&gt;&#34;, &#34;&#34;, &#34;&lt;td class=\&#34;col-duration\&#34;&gt;00:00:03&lt;/td&gt;&#34;, &#34;&lt;td class=\&#34;col-links\&#34;&gt;&lt;/td&gt;&#34;], &#34;log&#34;: &#34;------------------------------ Captured log call -------------------------------\nINFO     test_logger:test_02_login.py:222 [PASS] Precondition failed: user should be logged in before redirect validation.\nINFO     test_logger:test_02_login.py:230 [PASS] Expected redirect to account dashboard when visiting login page while logged in.\n\n&#34;}], &#34;tests/test_03_main_navigation_menu.py::TestNavigation::test_01_change_currency_to_euro&#34;: [{&#34;extras&#34;: [], &#34;result&#34;: &#34;Passed&#34;, &#34;testId&#34;: &#34;tests/test_03_main_navigation_menu.py::TestNavigation::test_01_change_currency_to_euro&#34;, &#34;duration&#34;: &#34;00:00:02&#34;, &#34;resultsTableRow&#34;: [&#34;&lt;td class=\&#34;col-result\&#34;&gt;Passed&lt;/td&gt;&#34;, &#34;&lt;td class=\&#34;col-testId\&#34;&gt;tests/test_03_main_navigation_menu.py::TestNavigation::test_01_change_currency_to_euro&lt;/td&gt;&#34;, &#34;&#34;, &#34;&lt;td class=\&#34;col-duration\&#34;&gt;00:00:02&lt;/td&gt;&#34;, &#34;&lt;td class=\&#34;col-links\&#34;&gt;&lt;/td&gt;&#34;], &#34;log&#34;: &#34;------------------------------ Captured log call -------------------------------\nINFO     test_logger:test_03_main_navigation_menu.py:54 [PASS] Prices should show EUR symbol.\n\n&#34;}], &#34;tests/test_03_main_navigation_menu.py::TestNavigation::test_02_my_account_unauthenticated_opens_login&#34;: [{&#34;extras&#34;: [], &#34;result&#34;: &#34;Passed&#34;, &#34;testId&#34;: &#34;tests/test_03_main_navigation_menu.py::TestNavigation::test_02_my_account_unauthenticated_opens_login&#34;, &#34;duration&#34;: &#34;00:00:02&#34;, &#34;resultsTableRow&#34;: [&#34;&lt;td class=\&#34;col-result\&#34;&gt;Passed&lt;/td&gt;&#34;, &#34;&lt;td class=\&#34;col-testId\&#34;&gt;tests/test_03_main_navigation_menu.py::TestNavigation::test_02_my_account_unauthenticated_opens_login&lt;/td&gt;&#34;, &#34;&#34;, &#34;&lt;td class=\&#34;col-duration\&#34;&gt;00:00:02&lt;/td&gt;&#34;, &#34;&lt;td class=\&#34;col-links\&#34;&gt;&lt;/td&gt;&#34;], &#34;log&#34;: &#34;------------------------------ Captured log call -------------------------------\nINFO     test_logger:test_03_main_navigation_menu.py:64 [PASS] Login page content should be visible.\n\n&#34;}], &#34;tests/test_03_main_navigation_menu.py::TestNavigation::test_03_wishlist_unauthenticated_redirects_to_login&#34;: [{&#34;extras&#34;: [], &#34;result&#34;: &#34;Passed&#34;, &#34;testId&#34;: &#34;tests/test_03_main_navigation_menu.py::TestNavigation::test_03_wishlist_unauthenticated_redirects_to_login&#34;, &#34;duration&#34;: &#34;00:00:01&#34;, &#34;resultsTableRow&#34;: [&#34;&lt;td class=\&#34;col-result\&#34;&gt;Passed&lt;/td&gt;&#34;, &#34;&lt;td class=\&#34;col-testId\&#34;&gt;tests/test_03_main_navigation_menu.py::TestNavigation::test_03_wishlist_unauthenticated_redirects_to_login&lt;/td&gt;&#34;, &#34;&#34;, &#34;&lt;td class=\&#34;col-duration\&#34;&gt;00:00:01&lt;/td&gt;&#34;, &#34;&lt;td class=\&#34;col-links\&#34;&gt;&lt;/td&gt;&#34;], &#34;log&#34;: &#34;------------------------------ Captured log call -------------------------------\nINFO     test_logger:test_03_main_navigation_menu.py:74 [PASS] Expected redirect to login.\n\n&#34;}], &#34;tests/test_03_main_navigation_menu.py::TestNavigation::test_04_open_cart&#34;: [{&#34;extras&#34;: [], &#34;result&#34;: &#34;Passed&#34;, &#34;testId&#34;: &#34;tests/test_03_main_navigation_menu.py::TestNavigation::test_04_open_cart&#34;, &#34;duration&#34;: &#34;00:00:01&#34;, &#34;resultsTableRow&#34;: [&#34;&lt;td class=\&#34;col-result\&#34;&gt;Passed&lt;/td&gt;&#34;, &#34;&lt;td class=\&#34;col-testId\&#34;&gt;tests/test_03_main_navigation_menu.py::TestNavigation::test_04_open_cart&lt;/td&gt;&#34;, &#34;&#34;, &#34;&lt;td class=\&#34;col-duration\&#34;&gt;00:00:01&lt;/td&gt;&#34;, &#34;&lt;td class=\&#34;col-links\&#34;&gt;&lt;/td&gt;&#34;], &#34;log&#34;: &#34;------------------------------ Captured log call -------------------------------\nINFO     test_logger:test_03_main_navigation_menu.py:84 [PASS] Cart page content should be visible.\n\n&#34;}], &#34;tests/test_03_main_navigation_menu.py::TestNavigation::test_05_checkout_unauthenticated_empty_cart&#34;: [{&#34;extras&#34;: [], &#34;result&#34;: &#34;Passed&#34;, &#34;testId&#34;: &#34;tests/test_03_main_navigation_menu.py::TestNavigation::test_05_checkout_unauthenticated_empty_cart&#34;, &#34;duration&#34;: &#34;00:00:01&#34;, &#34;resultsTableRow&#34;: [&#34;&lt;td class=\&#34;col-result\&#34;&gt;Passed&lt;/td&gt;&#34;, &#34;&lt;td class=\&#34;col-testId\&#34;&gt;tests/test_03_main_navigation_menu.py::TestNavigation::test_05_checkout_unauthenticated_empty_cart&lt;/td&gt;&#34;, &#34;&#34;, &#34;&lt;td class=\&#34;col-duration\&#34;&gt;00:00:01&lt;/td&gt;&#34;, &#34;&lt;td class=\&#34;col-links\&#34;&gt;&lt;/td&gt;&#34;], &#34;log&#34;: &#34;------------------------------ Captured log call -------------------------------\nINFO     test_logger:test_03_main_navigation_menu.py:94 [PASS] Expected redirect to cart.\nINFO     test_logger:test_03_main_navigation_menu.py:95 [PASS] Expected empty cart message.\n\n&#34;}], &#34;tests/test_03_main_navigation_menu.py::TestNavigation::test_06_navigate_to_desktops&#34;: [{&#34;extras&#34;: [], &#34;result&#34;: &#34;Passed&#34;, &#34;testId&#34;: &#34;tests/test_03_main_navigation_menu.py::TestNavigation::test_06_navigate_to_desktops&#34;, &#34;duration&#34;: &#34;00:00:02&#34;, &#34;resultsTableRow&#34;: [&#34;&lt;td class=\&#34;col-result\&#34;&gt;Passed&lt;/td&gt;&#34;, &#34;&lt;td class=\&#34;col-testId\&#34;&gt;tests/test_03_main_navigation_menu.py::TestNavigation::test_06_navigate_to_desktops&lt;/td&gt;&#34;, &#34;&#34;, &#34;&lt;td class=\&#34;col-duration\&#34;&gt;00:00:02&lt;/td&gt;&#34;, &#34;&lt;td class=\&#34;col-links\&#34;&gt;&lt;/td&gt;&#34;], &#34;log&#34;: &#34;------------------------------ Captured log call -------------------------------\nINFO     test_logger:test_03_main_navigation_menu.py:109 [PASS] Category page content should be visible.\n\n&#34;}], &#34;tests/test_03_main_navigation_menu.py::TestNavigation::test_07_navigate_to_laptops_and_notebooks&#34;: [{&#34;extras&#34;: [], &#34;result&#34;: &#34;Passed&#34;, &#34;testId&#34;: &#34;tests/test_03_main_navigation_menu.py::TestNavigation::test_07_navigate_to_laptops_and_notebooks&#34;, &#34;duration&#34;: &#34;00:00:01&#34;, &#34;resultsTableRow&#34;: [&#34;&lt;td class=\&#34;col-result\&#34;&gt;Passed&lt;/td&gt;&#34;, &#34;&lt;td class=\&#34;col-testId\&#34;&gt;tests/test_03_main_navigation_menu.py::TestNavigation::test_07_navigate_to_laptops_and_notebooks&lt;/td&gt;&#34;, &#34;&#34;, &#34;&lt;td class=\&#34;col-duration\&#34;&gt;00:00:01&lt;/td&gt;&#34;, &#34;&lt;td class=\&#34;col-links\&#34;&gt;&lt;/td&gt;&#34;], &#34;log&#34;: &#34;------------------------------ Captured log call -------------------------------\nINFO     test_logger:test_03_main_navigation_menu.py:119 [PASS] Category page content should be visible.\n\n&#34;}], &#34;tests/test_03_main_navigation_menu.py::TestNavigation::test_08_navigate_to_components&#34;: [{&#34;extras&#34;: [], &#34;result&#34;: &#34;Passed&#34;, &#34;testId&#34;: &#34;tests/test_03_main_navigation_menu.py::TestNavigation::test_08_navigate_to_components&#34;, &#34;duration&#34;: &#34;00:00:01&#34;, &#34;resultsTableRow&#34;: [&#34;&lt;td class=\&#34;col-result\&#34;&gt;Passed&lt;/td&gt;&#34;, &#34;&lt;td class=\&#34;col-testId\&#34;&gt;tests/test_03_main_navigation_menu.py::TestNavigation::test_08_navigate_to_components&lt;/td&gt;&#34;, &#34;&#34;, &#34;&lt;td class=\&#34;col-duration\&#34;&gt;00:00:01&lt;/td&gt;&#34;, &#34;&lt;td class=\&#34;col-links\&#34;&gt;&lt;/td&gt;&#34;], &#34;log&#34;: &#34;------------------------------ Captured log call -------------------------------\nINFO     test_logger:test_03_main_navigation_menu.py:129 [PASS] Category page content should be visible.\n\n&#34;}], &#34;tests/test_03_main_navigation_menu.py::TestNavigation::test_09_navigate_to_tablets&#34;: [{&#34;extras&#34;: [], &#34;result&#34;: &#34;Passed&#34;, &#34;testId&#34;: &#34;tests/test_03_main_navigation_menu.py::TestNavigation::test_09_navigate_to_tablets&#34;, &#34;duration&#34;: &#34;00:00:01&#34;, &#34;resultsTableRow&#34;: [&#34;&lt;td class=\&#34;col-result\&#34;&gt;Passed&lt;/td&gt;&#34;, &#34;&lt;td class=\&#34;col-testId\&#34;&gt;tests/test_03_main_navigation_menu.py::TestNavigation::test_09_navigate_to_tablets&lt;/td&gt;&#34;, &#34;&#34;, &#34;&lt;td class=\&#34;col-duration\&#34;&gt;00:00:01&lt;/td&gt;&#34;, &#34;&lt;td class=\&#34;col-links\&#34;&gt;&lt;/td&gt;&#34;], &#34;log&#34;: &#34;------------------------------ Captured log call -------------------------------\nINFO     test_logger:test_03_main_navigation_menu.py:139 [PASS] Category page content should be visible.\n\n&#34;}], &#34;tests/test_03_main_navigation_menu.py::TestNavigation::test_10_navigate_to_software&#34;: [{&#34;extras&#34;: [], &#34;result&#34;: &#34;Passed&#34;, &#34;testId&#34;: &#34;tests/test_03_main_navigation_menu.py::TestNavigation::test_10_navigate_to_software&#34;, &#34;duration&#34;: &#34;00:00:01&#34;, &#34;resultsTableRow&#34;: [&#34;&lt;td class=\&#34;col-result\&#34;&gt;Passed&lt;/td&gt;&#34;, &#34;&lt;td class=\&#34;col-testId\&#34;&gt;tests/test_03_main_navigation_menu.py::TestNavigation::test_10_navigate_to_software&lt;/td&gt;&#34;, &#34;&#34;, &#34;&lt;td class=\&#34;col-duration\&#34;&gt;00:00:01&lt;/td&gt;&#34;, &#34;&lt;td class=\&#34;col-links\&#34;&gt;&lt;/td&gt;&#34;], &#34;log&#34;: &#34;------------------------------ Captured log call -------------------------------\nINFO     test_logger:test_03_main_navigation_menu.py:149 [PASS] Category page content should be visible.\n\n&#34;}], &#34;tests/test_03_main_navigation_menu.py::TestNavigation::test_11_navigate_to_phones_and_pdas&#34;: [{&#34;extras&#34;: [], &#34;result&#34;: &#34;Passed&#34;, &#34;testId&#34;: &#34;tests/test_03_main_navigation_menu.py::TestNavigation::test_11_navigate_to_phones_and_pdas&#34;, &#34;duration&#34;: &#34;00:00:01&#34;, &#34;resultsTableRow&#34;: [&#34;&lt;td class=\&#34;col-result\&#34;&gt;Passed&lt;/td&gt;&#34;, &#34;&lt;td class=\&#34;col-testId\&#34;&gt;tests/test_03_main_navigation_menu.py::TestNavigation::test_11_navigate_to_phones_and_pdas&lt;/td&gt;&#34;, &#34;&#34;, &#34;&lt;td class=\&#34;col-duration\&#34;&gt;00:00:01&lt;/td&gt;&#34;, &#34;&lt;td class=\&#34;col-links\&#34;&gt;&lt;/td&gt;&#34;], &#34;log&#34;: &#34;------------------------------ Captured log call -------------------------------\nINFO     test_logger:test_03_main_navigation_menu.py:159 [PASS] Category page content should be visible.\n\n&#34;}], &#34;tests/test_03_main_navigation_menu.py::TestNavigation::test_12_navigate_to_cameras&#34;: [{&#34;extras&#34;: [], &#34;result&#34;: &#34;Passed&#34;, &#34;testId&#34;: &#34;tests/test_03_main_navigation_menu.py::TestNavigation::test_12_navigate_to_cameras&#34;, &#34;duration&#34;: &#34;00:00:01&#34;, &#34;resultsTableRow&#34;: [&#34;&lt;td class=\&#34;col-result\&#34;&gt;Passed&lt;/td&gt;&#34;, &#34;&lt;td class=\&#34;col-testId\&#34;&gt;tests/test_03_main_navigation_menu.py::TestNavigation::test_12_navigate_to_cameras&lt;/td&gt;&#34;, &#34;&#34;, &#34;&lt;td class=\&#34;col-duration\&#34;&gt;00:00:01&lt;/td&gt;&#34;, &#34;&lt;td class=\&#34;col-links\&#34;&gt;&lt;/td&gt;&#34;], &#34;log&#34;: &#34;------------------------------ Captured log call -------------------------------\nINFO     test_logger:test_03_main_navigation_menu.py:169 [PASS] Category page content should be visible.\n\n&#34;}], &#34;tests/test_03_main_navigation_menu.py::TestNavigation::test_13_navigate_to_mp3_players&#34;: [{&#34;extras&#34;: [], &#34;result&#34;: &#34;Passed&#34;, &#34;testId&#34;: &#34;tests/test_03_main_navigation_menu.py::TestNavigation::test_13_navigate_to_mp3_players&#34;, &#34;duration&#34;: &#34;877 ms&#34;, &#34;resultsTableRow&#34;: [&#34;&lt;td class=\&#34;col-result\&#34;&gt;Passed&lt;/td&gt;&#34;, &#34;&lt;td class=\&#34;col-testId\&#34;&gt;tests/test_03_main_navigation_menu.py::TestNavigation::test_13_navigate_to_mp3_players&lt;/td&gt;&#34;, &#34;&#34;, &#34;&lt;td class=\&#34;col-duration\&#34;&gt;877 ms&lt;/td&gt;&#34;, &#34;&lt;td class=\&#34;col-links\&#34;&gt;&lt;/td&gt;&#34;], &#34;log&#34;: &#34;------------------------------ Captured log call -------------------------------\nINFO     test_logger:test_03_main_navigation_menu.py:179 [PASS] Category page content should be visible.\n\n&#34;}], &#34;tests/test_03_main_navigation_menu.py::TestNavigation::test_14_account_dashboard_authenticated&#34;: [{&#34;extras&#34;: [], &#34;result&#34;: &#34;Passed&#34;, &#34;testId&#34;: &#34;tests/test_03_main_navigation_menu.py::TestNavigation::test_14_account_dashboard_authenticated&#34;, &#34;duration&#34;: &#34;16 ms&#34;, &#34;resultsTableRow&#34;: [&#34;&lt;td class=\&#34;col-result\&#34;&gt;Passed&lt;/td&gt;&#34;, &#34;&lt;td class=\&#34;col-testId\&#34;&gt;tests/test_03_main_navigation_menu.py::TestNavigation::test_14_account_dashboard_authenticated&lt;/td&gt;&#34;, &#34;&#34;, &#34;&lt;td class=\&#34;col-duration\&#34;&gt;16 ms&lt;/td&gt;&#34;, &#34;&lt;td class=\&#34;col-links\&#34;&gt;&lt;/td&gt;&#34;], &#34;log&#34;: &#34;------------------------------ Captured log call -------------------------------\nINFO     test_logger:test_03_main_navigation_menu.py:190 [PASS] Account dashboard content should be visible.\n\n&#34;}], &#34;tests/test_03_main_navigation_menu.py::TestNavigation::test_15_edit_account_authenticated&#34;: [{&#34;extras&#34;: [], &#34;result&#34;: &#34;Passed&#34;, &#34;testId&#34;: &#34;tests/test_03_main_navigation_menu.py::TestNavigation::test_15_edit_account_authenticated&#34;, &#34;duration&#34;: &#34;572 ms&#34;, &#34;resultsTableRow&#34;: [&#34;&lt;td class=\&#34;col-result\&#34;&gt;Passed&lt;/td&gt;&#34;, &#34;&lt;td class=\&#34;col-testId\&#34;&gt;tests/test_03_main_navigation_menu.py::TestNavigation::test_15_edit_account_authenticated&lt;/td&gt;&#34;, &#34;&#34;, &#34;&lt;td class=\&#34;col-duration\&#34;&gt;572 ms&lt;/td&gt;&#34;, &#34;&lt;td class=\&#34;col-links\&#34;&gt;&lt;/td&gt;&#34;], &#34;log&#34;: &#34;------------------------------ Captured log call -------------------------------\nINFO     test_logger:test_03_main_navigation_menu.py:199 [PASS] Expected Edit Account page.\n\n&#34;}], &#34;tests/test_03_main_navigation_menu.py::TestNavigation::test_16_change_password_authenticated&#34;: [{&#34;extras&#34;: [], &#34;result&#34;: &#34;Passed&#34;, &#34;testId&#34;: &#34;tests/test_03_main_navigation_menu.py::TestNavigation::test_16_change_password_authenticated&#34;, &#34;duration&#34;: &#34;563 ms&#34;, &#34;resultsTableRow&#34;: [&#34;&lt;td class=\&#34;col-result\&#34;&gt;Passed&lt;/td&gt;&#34;, &#34;&lt;td class=\&#34;col-testId\&#34;&gt;tests/test_03_main_navigation_menu.py::TestNavigation::test_16_change_password_authenticated&lt;/td&gt;&#34;, &#34;&#34;, &#34;&lt;td class=\&#34;col-duration\&#34;&gt;563 ms&lt;/td&gt;&#34;, &#34;&lt;td class=\&#34;col-links\&#34;&gt;&lt;/td&gt;&#34;], &#34;log&#34;: &#34;------------------------------ Captured log call -------------------------------\nINFO     test_logger:test_03_main_navigation_menu.py:208 [PASS] Expected Change Password page.\n\n&#34;}], &#34;tests/test_03_main_navigation_menu.py::TestNavigation::test_17_payment_methods_authenticated&#34;: [{&#34;extras&#34;: [], &#34;result&#34;: &#34;Passed&#34;, &#34;testId&#34;: &#34;tests/test_03_main_navigation_menu.py::TestNavigation::test_17_payment_methods_authenticated&#34;, &#34;duration&#34;: &#34;539 ms&#34;, &#34;resultsTableRow&#34;: [&#34;&lt;td class=\&#34;col-result\&#34;&gt;Passed&lt;/td&gt;&#34;, &#34;&lt;td class=\&#34;col-testId\&#34;&gt;tests/test_03_main_navigation_menu.py::TestNavigation::test_17_payment_methods_authenticated&lt;/td&gt;&#34;, &#34;&#34;, &#34;&lt;td class=\&#34;col-duration\&#34;&gt;539 ms&lt;/td&gt;&#34;, &#34;&lt;td class=\&#34;col-links\&#34;&gt;&lt;/td&gt;&#34;], &#34;log&#34;: &#34;------------------------------ Captured log call -------------------------------\nINFO     test_logger:test_03_main_navigation_menu.py:217 [PASS] Expected Payment Methods page.\n\n&#34;}], &#34;tests/test_03_main_navigation_menu.py::TestNavigation::test_18_address_book_authenticated&#34;: [{&#34;extras&#34;: [], &#34;result&#34;: &#34;Passed&#34;, &#34;testId&#34;: &#34;tests/test_03_main_navigation_menu.py::TestNavigation::test_18_address_book_authenticated&#34;, &#34;duration&#34;: &#34;609 ms&#34;, &#34;resultsTableRow&#34;: [&#34;&lt;td class=\&#34;col-result\&#34;&gt;Passed&lt;/td&gt;&#34;, &#34;&lt;td class=\&#34;col-testId\&#34;&gt;tests/test_03_main_navigation_menu.py::TestNavigation::test_18_address_book_authenticated&lt;/td&gt;&#34;, &#34;&#34;, &#34;&lt;td class=\&#34;col-duration\&#34;&gt;609 ms&lt;/td&gt;&#34;, &#34;&lt;td class=\&#34;col-links\&#34;&gt;&lt;/td&gt;&#34;], &#34;log&#34;: &#34;------------------------------ Captured log call -------------------------------\nINFO     test_logger:test_03_main_navigation_menu.py:226 [PASS] Expected Address Book page.\n\n&#34;}], &#34;tests/test_03_main_navigation_menu.py::TestNavigation::test_19_wishlist_authenticated&#34;: [{&#34;extras&#34;: [], &#34;result&#34;: &#34;Passed&#34;, &#34;testId&#34;: &#34;tests/test_03_main_navigation_menu.py::TestNavigation::test_19_wishlist_authenticated&#34;, &#34;duration&#34;: &#34;567 ms&#34;, &#34;resultsTableRow&#34;: [&#34;&lt;td class=\&#34;col-result\&#34;&gt;Passed&lt;/td&gt;&#34;, &#34;&lt;td class=\&#34;col-testId\&#34;&gt;tests/test_03_main_navigation_menu.py::TestNavigation::test_19_wishlist_authenticated&lt;/td&gt;&#34;, &#34;&#34;, &#34;&lt;td class=\&#34;col-duration\&#34;&gt;567 ms&lt;/td&gt;&#34;, &#34;&lt;td class=\&#34;col-links\&#34;&gt;&lt;/td&gt;&#34;], &#34;log&#34;: &#34;------------------------------ Captured log call -------------------------------\nINFO     test_logger:test_03_main_navigation_menu.py:235 [PASS] Expected Wishlist page.\n\n&#34;}], &#34;tests/test_03_main_navigation_menu.py::TestNavigation::test_20_order_history_authenticated&#34;: [{&#34;extras&#34;: [], &#34;result&#34;: &#34;Passed&#34;, &#34;testId&#34;: &#34;tests/test_03_main_navigation_menu.py::TestNavigation::test_20_order_history_authenticated&#34;, &#34;duration&#34;: &#34;682 ms&#34;, &#34;resultsTableRow&#34;: [&#34;&lt;td class=\&#34;col-result\&#34;&gt;Passed&lt;/td&gt;&#34;, &#34;&lt;td class=\&#34;col-testId\&#34;&gt;tests/test_03_main_navigation_menu.py::TestNavigation::test_20_order_history_authenticated&lt;/td&gt;&#34;, &#34;&#34;, &#34;&lt;td class=\&#34;col-duration\&#34;&gt;682 ms&lt;/td&gt;&#34;, &#34;&lt;td class=\&#34;col-links\&#34;&gt;&lt;/td&gt;&#34;], &#34;log&#34;: &#34;------------------------------ Captured log call -------------------------------\nINFO     test_logger:test_03_main_navigation_menu.py:244 [PASS] Expected Order History page.\n\n&#34;}], &#34;tests/test_03_main_navigation_menu.py::TestNavigation::test_21_subscriptions_authenticated&#34;: [{&#34;extras&#34;: [], &#34;result&#34;: &#34;Passed&#34;, &#34;testId&#34;: &#34;tests/test_03_main_navigation_menu.py::TestNavigation::test_21_subscriptions_authenticated&#34;, &#34;duration&#34;: &#34;531 ms&#34;, &#34;resultsTableRow&#34;: [&#34;&lt;td class=\&#34;col-result\&#34;&gt;Passed&lt;/td&gt;&#34;, &#34;&lt;td class=\&#34;col-testId\&#34;&gt;tests/test_03_main_navigation_menu.py::TestNavigation::test_21_subscriptions_authenticated&lt;/td&gt;&#34;, &#34;&#34;, &#34;&lt;td class=\&#34;col-duration\&#34;&gt;531 ms&lt;/td&gt;&#34;, &#34;&lt;td class=\&#34;col-links\&#34;&gt;&lt;/td&gt;&#34;], &#34;log&#34;: &#34;------------------------------ Captured log call -------------------------------\nINFO     test_logger:test_03_main_navigation_menu.py:253 [PASS] Expected Subscriptions page.\n\n&#34;}], &#34;tests/test_03_main_navigation_menu.py::TestNavigation::test_22_downloads_authenticated&#34;: [{&#34;extras&#34;: [], &#34;result&#34;: &#34;Passed&#34;, &#34;testId&#34;: &#34;tests/test_03_main_navigation_menu.py::TestNavigation::test_22_downloads_authenticated&#34;, &#34;duration&#34;: &#34;576 ms&#34;, &#34;resultsTableRow&#34;: [&#34;&lt;td class=\&#34;col-result\&#34;&gt;Passed&lt;/td&gt;&#34;, &#34;&lt;td class=\&#34;col-testId\&#34;&gt;tests/test_03_main_navigation_menu.py::TestNavigation::test_22_downloads_authenticated&lt;/td&gt;&#34;, &#34;&#34;, &#34;&lt;td class=\&#34;col-duration\&#34;&gt;576 ms&lt;/td&gt;&#34;, &#34;&lt;td class=\&#34;col-links\&#34;&gt;&lt;/td&gt;&#34;], &#34;log&#34;: &#34;------------------------------ Captured log call -------------------------------\nINFO     test_logger:test_03_main_navigation_menu.py:262 [PASS] Expected Downloads page.\n\n&#34;}], &#34;tests/test_03_main_navigation_menu.py::TestNavigation::test_23_reward_points_authenticated&#34;: [{&#34;extras&#34;: [], &#34;result&#34;: &#34;Passed&#34;, &#34;testId&#34;: &#34;tests/test_03_main_navigation_menu.py::TestNavigation::test_23_reward_points_authenticated&#34;, &#34;duration&#34;: &#34;579 ms&#34;, &#34;resultsTableRow&#34;: [&#34;&lt;td class=\&#34;col-result\&#34;&gt;Passed&lt;/td&gt;&#34;, &#34;&lt;td class=\&#34;col-testId\&#34;&gt;tests/test_03_main_navigation_menu.py::TestNavigation::test_23_reward_points_authenticated&lt;/td&gt;&#34;, &#34;&#34;, &#34;&lt;td class=\&#34;col-duration\&#34;&gt;579 ms&lt;/td&gt;&#34;, &#34;&lt;td class=\&#34;col-links\&#34;&gt;&lt;/td&gt;&#34;], &#34;log&#34;: &#34;------------------------------ Captured log call -------------------------------\nINFO     test_logger:test_03_main_navigation_menu.py:271 [PASS] Expected Reward Points page.\n\n&#34;}], &#34;tests/test_03_main_navigation_menu.py::TestNavigation::test_24_return_requests_authenticated&#34;: [{&#34;extras&#34;: [], &#34;result&#34;: &#34;Passed&#34;, &#34;testId&#34;: &#34;tests/test_03_main_navigation_menu.py::TestNavigation::test_24_return_requests_authenticated&#34;, &#34;duration&#34;: &#34;569 ms&#34;, &#34;resultsTableRow&#34;: [&#34;&lt;td class=\&#34;col-result\&#34;&gt;Passed&lt;/td&gt;&#34;, &#34;&lt;td class=\&#34;col-testId\&#34;&gt;tests/test_03_main_navigation_menu.py::TestNavigation::test_24_return_requests_authenticated&lt;/td&gt;&#34;, &#34;&#34;, &#34;&lt;td class=\&#34;col-duration\&#34;&gt;569 ms&lt;/td&gt;&#34;, &#34;&lt;td class=\&#34;col-links\&#34;&gt;&lt;/td&gt;&#34;], &#34;log&#34;: &#34;------------------------------ Captured log call -------------------------------\nINFO     test_logger:test_03_main_navigation_menu.py:280 [PASS] Expected Returns page.\n\n&#34;}], &#34;tests/test_03_main_navigation_menu.py::TestNavigation::test_25_transactions_authenticated&#34;: [{&#34;extras&#34;: [], &#34;result&#34;: &#34;Passed&#34;, &#34;testId&#34;: &#34;tests/test_03_main_navigation_menu.py::TestNavigation::test_25_transactions_authenticated&#34;, &#34;duration&#34;: &#34;570 ms&#34;, &#34;resultsTableRow&#34;: [&#34;&lt;td class=\&#34;col-result\&#34;&gt;Passed&lt;/td&gt;&#34;, &#34;&lt;td class=\&#34;col-testId\&#34;&gt;tests/test_03_main_navigation_menu.py::TestNavigation::test_25_transactions_authenticated&lt;/td&gt;&#34;, &#34;&#34;, &#34;&lt;td class=\&#34;col-duration\&#34;&gt;570 ms&lt;/td&gt;&#34;, &#34;&lt;td class=\&#34;col-links\&#34;&gt;&lt;/td&gt;&#34;], &#34;log&#34;: &#34;------------------------------ Captured log call -------------------------------\nINFO     test_logger:test_03_main_navigation_menu.py:289 [PASS] Expected Transactions page.\n\n&#34;}], &#34;tests/test_03_main_navigation_menu.py::TestNavigation::test_26_affiliate_account_page_authenticated&#34;: [{&#34;extras&#34;: [], &#34;result&#34;: &#34;Passed&#34;, &#34;testId&#34;: &#34;tests/test_03_main_navigation_menu.py::TestNavigation::test_26_affiliate_account_page_authenticated&#34;, &#34;duration&#34;: &#34;00:00:11&#34;, &#34;resultsTableRow&#34;: [&#34;&lt;td class=\&#34;col-result\&#34;&gt;Passed&lt;/td&gt;&#34;, &#34;&lt;td class=\&#34;col-testId\&#34;&gt;tests/test_03_main_navigation_menu.py::TestNavigation::test_26_affiliate_account_page_authenticated&lt;/td&gt;&#34;, &#34;&#34;, &#34;&lt;td class=\&#34;col-duration\&#34;&gt;00:00:11&lt;/td&gt;&#34;, &#34;&lt;td class=\&#34;col-links\&#34;&gt;&lt;/td&gt;&#34;], &#34;log&#34;: &#34;------------------------------ Captured log call -------------------------------\nINFO     test_logger:test_03_main_navigation_menu.py:298 [PASS] Expected Affiliate page to be displayed.\n\n&#34;}], &#34;tests/test_03_main_navigation_menu.py::TestNavigation::test_27_affiliate_register_authenticated&#34;: [{&#34;extras&#34;: [], &#34;result&#34;: &#34;Passed&#34;, &#34;testId&#34;: &#34;tests/test_03_main_navigation_menu.py::TestNavigation::test_27_affiliate_register_authenticated&#34;, &#34;duration&#34;: &#34;00:00:12&#34;, &#34;resultsTableRow&#34;: [&#34;&lt;td class=\&#34;col-result\&#34;&gt;Passed&lt;/td&gt;&#34;, &#34;&lt;td class=\&#34;col-testId\&#34;&gt;tests/test_03_main_navigation_menu.py::TestNavigation::test_27_affiliate_register_authenticated&lt;/td&gt;&#34;, &#34;&#34;, &#34;&lt;td class=\&#34;col-duration\&#34;&gt;00:00:12&lt;/td&gt;&#34;, &#34;&lt;td class=\&#34;col-links\&#34;&gt;&lt;/td&gt;&#34;], &#34;log&#34;: &#34;------------------------------ Captured log call -------------------------------\nINFO     test_logger:test_03_main_navigation_menu.py:314 [PASS] Expected affiliate update success.\n\n&#34;}], &#34;tests/test_03_main_navigation_menu.py::TestNavigation::test_28_newsletter_subscription_authenticated&#34;: [{&#34;extras&#34;: [], &#34;result&#34;: &#34;Passed&#34;, &#34;testId&#34;: &#34;tests/test_03_main_navigation_menu.py::TestNavigation::test_28_newsletter_subscription_authenticated&#34;, &#34;duration&#34;: &#34;00:00:11&#34;, &#34;resultsTableRow&#34;: [&#34;&lt;td class=\&#34;col-result\&#34;&gt;Passed&lt;/td&gt;&#34;, &#34;&lt;td class=\&#34;col-testId\&#34;&gt;tests/test_03_main_navigation_menu.py::TestNavigation::test_28_newsletter_subscription_authenticated&lt;/td&gt;&#34;, &#34;&#34;, &#34;&lt;td class=\&#34;col-duration\&#34;&gt;00:00:11&lt;/td&gt;&#34;, &#34;&lt;td class=\&#34;col-links\&#34;&gt;&lt;/td&gt;&#34;], &#34;log&#34;: &#34;------------------------------ Captured log call -------------------------------\nINFO     test_logger:test_03_main_navigation_menu.py:324 [PASS] Expected newsletter update success.\n\n&#34;}], &#34;tests/test_03_main_navigation_menu.py::TestNavigation::test_29_logout&#34;: [{&#34;extras&#34;: [], &#34;result&#34;: &#34;Passed&#34;, &#34;testId&#34;: &#34;tests/test_03_main_navigation_menu.py::TestNavigation::test_29_logout&#34;, &#34;duration&#34;: &#34;681 ms&#34;, &#34;resultsTableRow&#34;: [&#34;&lt;td class=\&#34;col-result\&#34;&gt;Passed&lt;/td&gt;&#34;, &#34;&lt;td class=\&#34;col-testId\&#34;&gt;tests/test_03_main_navigation_menu.py::TestNavigation::test_29_logout&lt;/td&gt;&#34;, &#34;&#34;, &#34;&lt;td class=\&#34;col-duration\&#34;&gt;681 ms&lt;/td&gt;&#34;, &#34;&lt;td class=\&#34;col-links\&#34;&gt;&lt;/td&gt;&#34;], &#34;log&#34;: &#34;------------------------------ Captured log call -------------------------------\nINFO     test_logger:test_03_main_navigation_menu.py:333 [PASS] Expected user to be logged out.\n\n&#34;}], &#34;tests/test_04_add_edit_cart.py::TestAddEditCartFunctionality::test_01_add_single_product_to_cart&#34;: [{&#34;extras&#34;: [], &#34;result&#34;: &#34;Passed&#34;, &#34;testId&#34;: &#34;tests/test_04_add_edit_cart.py::TestAddEditCartFunctionality::test_01_add_single_product_to_cart&#34;, &#34;duration&#34;: &#34;00:00:04&#34;, &#34;resultsTableRow&#34;: [&#34;&lt;td class=\&#34;col-result\&#34;&gt;Passed&lt;/td&gt;&#34;, &#34;&lt;td class=\&#34;col-testId\&#34;&gt;tests/test_04_add_edit_cart.py::TestAddEditCartFunctionality::test_01_add_single_product_to_cart&lt;/td&gt;&#34;, &#34;&#34;, &#34;&lt;td class=\&#34;col-duration\&#34;&gt;00:00:04&lt;/td&gt;&#34;, &#34;&lt;td class=\&#34;col-links\&#34;&gt;&lt;/td&gt;&#34;], &#34;log&#34;: &#34;------------------------------ Captured log call -------------------------------\nINFO     test_logger:test_04_add_edit_cart.py:54 [PASS] HP LP3065 should appear in the cart\nINFO     test_logger:test_04_add_edit_cart.py:58 [PASS] Quantity for HP LP3065 should be 1\nINFO     test_logger:test_04_add_edit_cart.py:65 [PASS] Total price for HP LP3065 should be 122.00\n\n&#34;}], &#34;tests/test_04_add_edit_cart.py::TestAddEditCartFunctionality::test_02_add_multiple_quantities&#34;: [{&#34;extras&#34;: [], &#34;result&#34;: &#34;Passed&#34;, &#34;testId&#34;: &#34;tests/test_04_add_edit_cart.py::TestAddEditCartFunctionality::test_02_add_multiple_quantities&#34;, &#34;duration&#34;: &#34;00:00:06&#34;, &#34;resultsTableRow&#34;: [&#34;&lt;td class=\&#34;col-result\&#34;&gt;Passed&lt;/td&gt;&#34;, &#34;&lt;td class=\&#34;col-testId\&#34;&gt;tests/test_04_add_edit_cart.py::TestAddEditCartFunctionality::test_02_add_multiple_quantities&lt;/td&gt;&#34;, &#34;&#34;, &#34;&lt;td class=\&#34;col-duration\&#34;&gt;00:00:06&lt;/td&gt;&#34;, &#34;&lt;td class=\&#34;col-links\&#34;&gt;&lt;/td&gt;&#34;], &#34;log&#34;: &#34;------------------------------ Captured log call -------------------------------\nINFO     test_logger:test_04_add_edit_cart.py:92 [PASS] Quantity of MacBook should be 3 after adding it three times\n\n&#34;}], &#34;tests/test_04_add_edit_cart.py::TestAddEditCartFunctionality::test_03_edit_quantity_in_cart&#34;: [{&#34;extras&#34;: [], &#34;result&#34;: &#34;Passed&#34;, &#34;testId&#34;: &#34;tests/test_04_add_edit_cart.py::TestAddEditCartFunctionality::test_03_edit_quantity_in_cart&#34;, &#34;duration&#34;: &#34;00:00:05&#34;, &#34;resultsTableRow&#34;: [&#34;&lt;td class=\&#34;col-result\&#34;&gt;Passed&lt;/td&gt;&#34;, &#34;&lt;td class=\&#34;col-testId\&#34;&gt;tests/test_04_add_edit_cart.py::TestAddEditCartFunctionality::test_03_edit_quantity_in_cart&lt;/td&gt;&#34;, &#34;&#34;, &#34;&lt;td class=\&#34;col-duration\&#34;&gt;00:00:05&lt;/td&gt;&#34;, &#34;&lt;td class=\&#34;col-links\&#34;&gt;&lt;/td&gt;&#34;], &#34;log&#34;: &#34;------------------------------ Captured log call -------------------------------\nINFO     test_logger:test_04_add_edit_cart.py:121 [PASS] Product quantity should be updated to 2\n\n&#34;}], &#34;tests/test_04_add_edit_cart.py::TestAddEditCartFunctionality::test_04_remove_product_from_cart&#34;: [{&#34;extras&#34;: [], &#34;result&#34;: &#34;Passed&#34;, &#34;testId&#34;: &#34;tests/test_04_add_edit_cart.py::TestAddEditCartFunctionality::test_04_remove_product_from_cart&#34;, &#34;duration&#34;: &#34;00:00:15&#34;, &#34;resultsTableRow&#34;: [&#34;&lt;td class=\&#34;col-result\&#34;&gt;Passed&lt;/td&gt;&#34;, &#34;&lt;td class=\&#34;col-testId\&#34;&gt;tests/test_04_add_edit_cart.py::TestAddEditCartFunctionality::test_04_remove_product_from_cart&lt;/td&gt;&#34;, &#34;&#34;, &#34;&lt;td class=\&#34;col-duration\&#34;&gt;00:00:15&lt;/td&gt;&#34;, &#34;&lt;td class=\&#34;col-links\&#34;&gt;&lt;/td&gt;&#34;], &#34;log&#34;: &#34;------------------------------ Captured log call -------------------------------\nINFO     test_logger:test_04_add_edit_cart.py:149 [PASS] Product should be removed from cart\nINFO     test_logger:test_04_add_edit_cart.py:153 [PASS] Empty cart message should be shown after removing product\n\n&#34;}], &#34;tests/test_04_add_edit_cart.py::TestAddEditCartFunctionality::test_05_cart_persists_after_login&#34;: [{&#34;extras&#34;: [], &#34;result&#34;: &#34;Passed&#34;, &#34;testId&#34;: &#34;tests/test_04_add_edit_cart.py::TestAddEditCartFunctionality::test_05_cart_persists_after_login&#34;, &#34;duration&#34;: &#34;00:00:06&#34;, &#34;resultsTableRow&#34;: [&#34;&lt;td class=\&#34;col-result\&#34;&gt;Passed&lt;/td&gt;&#34;, &#34;&lt;td class=\&#34;col-testId\&#34;&gt;tests/test_04_add_edit_cart.py::TestAddEditCartFunctionality::test_05_cart_persists_after_login&lt;/td&gt;&#34;, &#34;&#34;, &#34;&lt;td class=\&#34;col-duration\&#34;&gt;00:00:06&lt;/td&gt;&#34;, &#34;&lt;td class=\&#34;col-links\&#34;&gt;&lt;/td&gt;&#34;], &#34;log&#34;: &#34;------------------------------ Captured log call -------------------------------\nINFO     test_logger:test_04_add_edit_cart.py:181 [PASS] Expected to be on cart page before login, but URL was: http://localhost/opencart/upload/index.php?route=checkout/cart&amp;language=en-gb\nINFO     test_logger:test_04_add_edit_cart.py:185 [PASS] Expected iPhone to be in cart BEFORE login (baseline check).\nINFO     test_logger:test_04_add_edit_cart.py:197 [PASS] Expected to be on cart page after login, but URL was: http://localhost/opencart/upload/index.php?route=checkout/cart&amp;language=en-gb\nINFO     test_logger:test_04_add_edit_cart.py:201 [PASS] Expected iPhone to still be in cart AFTER login.\n\n&#34;}], &#34;tests/test_04_add_edit_cart.py::TestAddEditCartFunctionality::test_06_add_multiple_different_products&#34;: [{&#34;extras&#34;: [], &#34;result&#34;: &#34;Passed&#34;, &#34;testId&#34;: &#34;tests/test_04_add_edit_cart.py::TestAddEditCartFunctionality::test_06_add_multiple_different_products&#34;, &#34;duration&#34;: &#34;00:00:08&#34;, &#34;resultsTableRow&#34;: [&#34;&lt;td class=\&#34;col-result\&#34;&gt;Passed&lt;/td&gt;&#34;, &#34;&lt;td class=\&#34;col-testId\&#34;&gt;tests/test_04_add_edit_cart.py::TestAddEditCartFunctionality::test_06_add_multiple_different_products&lt;/td&gt;&#34;, &#34;&#34;, &#34;&lt;td class=\&#34;col-duration\&#34;&gt;00:00:08&lt;/td&gt;&#34;, &#34;&lt;td class=\&#34;col-links\&#34;&gt;&lt;/td&gt;&#34;], &#34;log&#34;: &#34;------------------------------ Captured log call -------------------------------\nINFO     test_logger:test_04_add_edit_cart.py:229 [PASS] iMac should be in the cart\nINFO     test_logger:test_04_add_edit_cart.py:230 [PASS] MacBook Air should be in the cart\n\n&#34;}], &#34;tests/test_04_add_edit_cart.py::TestAddEditCartFunctionality::test_07_cart_total_price_updates_correctly&#34;: [{&#34;extras&#34;: [], &#34;result&#34;: &#34;Passed&#34;, &#34;testId&#34;: &#34;tests/test_04_add_edit_cart.py::TestAddEditCartFunctionality::test_07_cart_total_price_updates_correctly&#34;, &#34;duration&#34;: &#34;00:00:05&#34;, &#34;resultsTableRow&#34;: [&#34;&lt;td class=\&#34;col-result\&#34;&gt;Passed&lt;/td&gt;&#34;, &#34;&lt;td class=\&#34;col-testId\&#34;&gt;tests/test_04_add_edit_cart.py::TestAddEditCartFunctionality::test_07_cart_total_price_updates_correctly&lt;/td&gt;&#34;, &#34;&#34;, &#34;&lt;td class=\&#34;col-duration\&#34;&gt;00:00:05&lt;/td&gt;&#34;, &#34;&lt;td class=\&#34;col-links\&#34;&gt;&lt;/td&gt;&#34;], &#34;log&#34;: &#34;------------------------------ Captured log call -------------------------------\nINFO     test_logger:test_04_add_edit_cart.py:264 [PASS] Expected quantity of &#39;MacBook Air&#39; to be 2\nINFO     test_logger:test_04_add_edit_cart.py:267 [PASS] Expected cart grand total: 2404.00 but was 2404.0\n\n&#34;}], &#34;tests/test_04_add_edit_cart.py::TestAddEditCartFunctionality::test_08_add_product_without_quantity_defaults_to_one&#34;: [{&#34;extras&#34;: [], &#34;result&#34;: &#34;Passed&#34;, &#34;testId&#34;: &#34;tests/test_04_add_edit_cart.py::TestAddEditCartFunctionality::test_08_add_product_without_quantity_defaults_to_one&#34;, &#34;duration&#34;: &#34;00:00:04&#34;, &#34;resultsTableRow&#34;: [&#34;&lt;td class=\&#34;col-result\&#34;&gt;Passed&lt;/td&gt;&#34;, &#34;&lt;td class=\&#34;col-testId\&#34;&gt;tests/test_04_add_edit_cart.py::TestAddEditCartFunctionality::test_08_add_product_without_quantity_defaults_to_one&lt;/td&gt;&#34;, &#34;&#34;, &#34;&lt;td class=\&#34;col-duration\&#34;&gt;00:00:04&lt;/td&gt;&#34;, &#34;&lt;td class=\&#34;col-links\&#34;&gt;&lt;/td&gt;&#34;], &#34;log&#34;: &#34;------------------------------ Captured log call -------------------------------\nINFO     test_logger:test_04_add_edit_cart.py:290 [PASS] Quantity should default to 1 if not specified\n\n&#34;}], &#34;tests/test_04_add_edit_cart.py::TestAddEditCartFunctionality::test_09_edit_cart_to_zero_quantity_removes_product&#34;: [{&#34;extras&#34;: [], &#34;result&#34;: &#34;Passed&#34;, &#34;testId&#34;: &#34;tests/test_04_add_edit_cart.py::TestAddEditCartFunctionality::test_09_edit_cart_to_zero_quantity_removes_product&#34;, &#34;duration&#34;: &#34;00:00:07&#34;, &#34;resultsTableRow&#34;: [&#34;&lt;td class=\&#34;col-result\&#34;&gt;Passed&lt;/td&gt;&#34;, &#34;&lt;td class=\&#34;col-testId\&#34;&gt;tests/test_04_add_edit_cart.py::TestAddEditCartFunctionality::test_09_edit_cart_to_zero_quantity_removes_product&lt;/td&gt;&#34;, &#34;&#34;, &#34;&lt;td class=\&#34;col-duration\&#34;&gt;00:00:07&lt;/td&gt;&#34;, &#34;&lt;td class=\&#34;col-links\&#34;&gt;&lt;/td&gt;&#34;], &#34;log&#34;: &#34;------------------------------ Captured log call -------------------------------\nINFO     test_logger:test_04_add_edit_cart.py:319 [PASS] Expected to see &#39;Your shopping cart is empty!&#39; after setting quantity to 0\n\n&#34;}], &#34;tests/test_04_add_edit_cart.py::TestAddEditCartFunctionality::test_10_cart_empty_state_visual_validation&#34;: [{&#34;extras&#34;: [], &#34;result&#34;: &#34;Passed&#34;, &#34;testId&#34;: &#34;tests/test_04_add_edit_cart.py::TestAddEditCartFunctionality::test_10_cart_empty_state_visual_validation&#34;, &#34;duration&#34;: &#34;00:00:01&#34;, &#34;resultsTableRow&#34;: [&#34;&lt;td class=\&#34;col-result\&#34;&gt;Passed&lt;/td&gt;&#34;, &#34;&lt;td class=\&#34;col-testId\&#34;&gt;tests/test_04_add_edit_cart.py::TestAddEditCartFunctionality::test_10_cart_empty_state_visual_validation&lt;/td&gt;&#34;, &#34;&#34;, &#34;&lt;td class=\&#34;col-duration\&#34;&gt;00:00:01&lt;/td&gt;&#34;, &#34;&lt;td class=\&#34;col-links\&#34;&gt;&lt;/td&gt;&#34;], &#34;log&#34;: &#34;------------------------------ Captured log call -------------------------------\nINFO     test_logger:test_04_add_edit_cart.py:337 [PASS] Cart empty message should be visible when no items are in cart\nINFO     test_logger:test_04_add_edit_cart.py:341 [PASS] Layout should not be broken in empty cart state\n\n&#34;}], &#34;tests/test_05_checkout.py::TestCheckoutFlow::test_01_happy_path_checkout_single_product&#34;: [{&#34;extras&#34;: [], &#34;result&#34;: &#34;Passed&#34;, &#34;testId&#34;: &#34;tests/test_05_checkout.py::TestCheckoutFlow::test_01_happy_path_checkout_single_product&#34;, &#34;duration&#34;: &#34;00:00:22&#34;, &#34;resultsTableRow&#34;: [&#34;&lt;td class=\&#34;col-result\&#34;&gt;Passed&lt;/td&gt;&#34;, &#34;&lt;td class=\&#34;col-testId\&#34;&gt;tests/test_05_checkout.py::TestCheckoutFlow::test_01_happy_path_checkout_single_product&lt;/td&gt;&#34;, &#34;&#34;, &#34;&lt;td class=\&#34;col-duration\&#34;&gt;00:00:22&lt;/td&gt;&#34;, &#34;&lt;td class=\&#34;col-links\&#34;&gt;&lt;/td&gt;&#34;], &#34;log&#34;: &#34;------------------------------ Captured log call -------------------------------\nINFO     test_logger:test_05_checkout.py:48 [PASS] Verify order placed success message.\n\n&#34;}], &#34;tests/test_05_checkout.py::TestCheckoutFlow::test_02_checkout_with_multiple_products&#34;: [{&#34;extras&#34;: [], &#34;result&#34;: &#34;Passed&#34;, &#34;testId&#34;: &#34;tests/test_05_checkout.py::TestCheckoutFlow::test_02_checkout_with_multiple_products&#34;, &#34;duration&#34;: &#34;00:00:24&#34;, &#34;resultsTableRow&#34;: [&#34;&lt;td class=\&#34;col-result\&#34;&gt;Passed&lt;/td&gt;&#34;, &#34;&lt;td class=\&#34;col-testId\&#34;&gt;tests/test_05_checkout.py::TestCheckoutFlow::test_02_checkout_with_multiple_products&lt;/td&gt;&#34;, &#34;&#34;, &#34;&lt;td class=\&#34;col-duration\&#34;&gt;00:00:24&lt;/td&gt;&#34;, &#34;&lt;td class=\&#34;col-links\&#34;&gt;&lt;/td&gt;&#34;], &#34;log&#34;: &#34;------------------------------ Captured log call -------------------------------\nINFO     test_logger:test_05_checkout.py:86 [PASS] Verify order success message with multiple products.\n\n&#34;}], &#34;tests/test_05_checkout.py::TestCheckoutFlow::test_03_checkout_with_empty_cart&#34;: [{&#34;extras&#34;: [], &#34;result&#34;: &#34;Passed&#34;, &#34;testId&#34;: &#34;tests/test_05_checkout.py::TestCheckoutFlow::test_03_checkout_with_empty_cart&#34;, &#34;duration&#34;: &#34;00:00:07&#34;, &#34;resultsTableRow&#34;: [&#34;&lt;td class=\&#34;col-result\&#34;&gt;Passed&lt;/td&gt;&#34;, &#34;&lt;td class=\&#34;col-testId\&#34;&gt;tests/test_05_checkout.py::TestCheckoutFlow::test_03_checkout_with_empty_cart&lt;/td&gt;&#34;, &#34;&#34;, &#34;&lt;td class=\&#34;col-duration\&#34;&gt;00:00:07&lt;/td&gt;&#34;, &#34;&lt;td class=\&#34;col-links\&#34;&gt;&lt;/td&gt;&#34;], &#34;log&#34;: &#34;------------------------------ Captured log call -------------------------------\nINFO     test_logger:test_05_checkout.py:119 [PASS] Verify user stays on cart page when cart is empty. URL: http://localhost/opencart/upload/index.php?route=checkout/cart&amp;language=en-gb\n\n&#34;}], &#34;tests/test_05_checkout.py::TestCheckoutFlow::test_04_edit_cart_quantity_then_checkout&#34;: [{&#34;extras&#34;: [{&#34;name&#34;: &#34;Image&#34;, &#34;format_type&#34;: &#34;image&#34;, &#34;content&#34;: &#34;screenshots/tests_test_05_checkout.py_TestCheckoutFlow_test_04_edit_cart_quantity_then_checkout.png&#34;, &#34;mime_type&#34;: &#34;image/png&#34;, &#34;extension&#34;: &#34;png&#34;}], &#34;result&#34;: &#34;Failed&#34;, &#34;testId&#34;: &#34;tests/test_05_checkout.py::TestCheckoutFlow::test_04_edit_cart_quantity_then_checkout&#34;, &#34;duration&#34;: &#34;00:00:38&#34;, &#34;resultsTableRow&#34;: [&#34;&lt;td class=\&#34;col-result\&#34;&gt;Failed&lt;/td&gt;&#34;, &#34;&lt;td class=\&#34;col-testId\&#34;&gt;tests/test_05_checkout.py::TestCheckoutFlow::test_04_edit_cart_quantity_then_checkout&lt;/td&gt;&#34;, &#34;&#34;, &#34;&lt;td class=\&#34;col-duration\&#34;&gt;00:00:38&lt;/td&gt;&#34;, &#34;&lt;td class=\&#34;col-links\&#34;&gt;&lt;/td&gt;&#34;], &#34;log&#34;: &#34;tests\\test_05_checkout.py:161: in test_04_edit_cart_quantity_then_checkout\n    checkout_page.complete_new_address_checkout_flow()\npages\\checkout_page.py:57: in complete_new_address_checkout_flow\n    self.fill_new_shipping_address(\npages\\checkout_page.py:109: in fill_new_shipping_address\n    self._type(self.SHIPPING_FIRSTNAME, firstname)\nutils\\base_page.py:119: in _type\n    element = self.find_present(locator)\nutils\\base_page.py:31: in find_present\n    return self.wait.until(EC.presence_of_element_located(locator))\nD:\\OpenCartSaves\\OpenCart_Automation_Testing_Project (UI)\\.venv\\Lib\\site-packages\\selenium\\webdriver\\support\\wait.py:105: in until\n    raise TimeoutException(message, screen, stacktrace)\nE   selenium.common.exceptions.TimeoutException: Message: \nE   Stacktrace:\nE   Symbols not available. Dumping unresolved backtrace:\nE   \t0x7ff6107f88d5\nE   \t0x7ff6107f8930\nE   \t0x7ff6105d165d\nE   \t0x7ff610629a33\nE   \t0x7ff610629d3c\nE   \t0x7ff61067df67\nE   \t0x7ff61067ac97\nE   \t0x7ff61061ac29\nE   \t0x7ff61061ba93\nE   \t0x7ff610b10620\nE   \t0x7ff610b0af60\nE   \t0x7ff610b296c6\nE   \t0x7ff610815dd4\nE   \t0x7ff61081ed7c\nE   \t0x7ff610801ff4\nE   \t0x7ff6108021a5\nE   \t0x7ff6107e7ed2\nE   \t0x7ff94345e8d7\nE   \t0x7ff94448c53c\n\n------------------------------ Captured log call -------------------------------\nINFO     test_logger:test_05_checkout.py:154 [PASS] Expected quantity to be 2 in cart.\n\n&#34;}], &#34;tests/test_05_checkout.py::TestCheckoutFlow::test_05_cancel_checkout_and_verify_cart&#34;: [{&#34;extras&#34;: [], &#34;result&#34;: &#34;Passed&#34;, &#34;testId&#34;: &#34;tests/test_05_checkout.py::TestCheckoutFlow::test_05_cancel_checkout_and_verify_cart&#34;, &#34;duration&#34;: &#34;00:00:07&#34;, &#34;resultsTableRow&#34;: [&#34;&lt;td class=\&#34;col-result\&#34;&gt;Passed&lt;/td&gt;&#34;, &#34;&lt;td class=\&#34;col-testId\&#34;&gt;tests/test_05_checkout.py::TestCheckoutFlow::test_05_cancel_checkout_and_verify_cart&lt;/td&gt;&#34;, &#34;&#34;, &#34;&lt;td class=\&#34;col-duration\&#34;&gt;00:00:07&lt;/td&gt;&#34;, &#34;&lt;td class=\&#34;col-links\&#34;&gt;&lt;/td&gt;&#34;], &#34;log&#34;: &#34;------------------------------ Captured log call -------------------------------\nINFO     test_logger:test_05_checkout.py:201 [PASS] Product still present in cart after cancelling checkout.\n\n&#34;}], &#34;tests/test_05_checkout.py::TestCheckoutFlow::test_06_checkout_then_view_order_history&#34;: [{&#34;extras&#34;: [], &#34;result&#34;: &#34;Passed&#34;, &#34;testId&#34;: &#34;tests/test_05_checkout.py::TestCheckoutFlow::test_06_checkout_then_view_order_history&#34;, &#34;duration&#34;: &#34;00:00:23&#34;, &#34;resultsTableRow&#34;: [&#34;&lt;td class=\&#34;col-result\&#34;&gt;Passed&lt;/td&gt;&#34;, &#34;&lt;td class=\&#34;col-testId\&#34;&gt;tests/test_05_checkout.py::TestCheckoutFlow::test_06_checkout_then_view_order_history&lt;/td&gt;&#34;, &#34;&#34;, &#34;&lt;td class=\&#34;col-duration\&#34;&gt;00:00:23&lt;/td&gt;&#34;, &#34;&lt;td class=\&#34;col-links\&#34;&gt;&lt;/td&gt;&#34;], &#34;log&#34;: &#34;------------------------------ Captured log call -------------------------------\nINFO     test_logger:test_05_checkout.py:238 [PASS] Order should be successful.\nINFO     test_logger:test_05_checkout.py:246 [PASS] Expected order history to contain an order entry.\n\n&#34;}]}, &#34;renderCollapsed&#34;: [&#34;passed&#34;], &#34;initialSort&#34;: &#34;result&#34;, &#34;title&#34;: &#34;report.html&#34;}"></div>
    <script>
      (function(){function r(e,n,t){function o(i,f){if(!n[i]){if(!e[i]){var c="function"==typeof require&&require;if(!f&&c)return c(i,!0);if(u)return u(i,!0);var a=new Error("Cannot find module '"+i+"'");throw a.code="MODULE_NOT_FOUND",a}var p=n[i]={exports:{}};e[i][0].call(p.exports,function(r){var n=e[i][1][r];return o(n||r)},p,p.exports,r,e,n,t)}return n[i].exports}for(var u="function"==typeof require&&require,i=0;i<t.length;i++)o(t[i]);return o}return r})()({1:[function(require,module,exports){
const { getCollapsedCategory, setCollapsedIds } = require('./storage.js')

class DataManager {
    setManager(data) {
        const collapsedCategories = [...getCollapsedCategory(data.renderCollapsed)]
        const collapsedIds = []
        const tests = Object.values(data.tests).flat().map((test, index) => {
            const collapsed = collapsedCategories.includes(test.result.toLowerCase())
            const id = `test_${index}`
            if (collapsed) {
                collapsedIds.push(id)
            }
            return {
                ...test,
                id,
                collapsed,
            }
        })
        const dataBlob = { ...data, tests }
        this.data = { ...dataBlob }
        this.renderData = { ...dataBlob }
        setCollapsedIds(collapsedIds)
    }

    get allData() {
        return { ...this.data }
    }

    resetRender() {
        this.renderData = { ...this.data }
    }

    setRender(data) {
        this.renderData.tests = [...data]
    }

    toggleCollapsedItem(id) {
        this.renderData.tests = this.renderData.tests.map((test) =>
            test.id === id ? { ...test, collapsed: !test.collapsed } : test,
        )
    }

    set allCollapsed(collapsed) {
        this.renderData = { ...this.renderData, tests: [...this.renderData.tests.map((test) => (
            { ...test, collapsed }
        ))] }
    }

    get testSubset() {
        return [...this.renderData.tests]
    }

    get environment() {
        return this.renderData.environment
    }

    get initialSort() {
        return this.data.initialSort
    }
}

module.exports = {
    manager: new DataManager(),
}

},{"./storage.js":8}],2:[function(require,module,exports){
const mediaViewer = require('./mediaviewer.js')
const templateEnvRow = document.getElementById('template_environment_row')
const templateResult = document.getElementById('template_results-table__tbody')

function htmlToElements(html) {
    const temp = document.createElement('template')
    temp.innerHTML = html
    return temp.content.childNodes
}

const find = (selector, elem) => {
    if (!elem) {
        elem = document
    }
    return elem.querySelector(selector)
}

const findAll = (selector, elem) => {
    if (!elem) {
        elem = document
    }
    return [...elem.querySelectorAll(selector)]
}

const dom = {
    getStaticRow: (key, value) => {
        const envRow = templateEnvRow.content.cloneNode(true)
        const isObj = typeof value === 'object' && value !== null
        const values = isObj ? Object.keys(value).map((k) => `${k}: ${value[k]}`) : null

        const valuesElement = htmlToElements(
            values ? `<ul>${values.map((val) => `<li>${val}</li>`).join('')}<ul>` : `<div>${value}</div>`)[0]
        const td = findAll('td', envRow)
        td[0].textContent = key
        td[1].appendChild(valuesElement)

        return envRow
    },
    getResultTBody: ({ testId, id, log, extras, resultsTableRow, tableHtml, result, collapsed }) => {
        const resultBody = templateResult.content.cloneNode(true)
        resultBody.querySelector('tbody').classList.add(result.toLowerCase())
        resultBody.querySelector('tbody').id = testId
        resultBody.querySelector('.collapsible').dataset.id = id

        resultsTableRow.forEach((html) => {
            const t = document.createElement('template')
            t.innerHTML = html
            resultBody.querySelector('.collapsible').appendChild(t.content)
        })

        if (log) {
            // Wrap lines starting with "E" with span.error to color those lines red
            const wrappedLog = log.replace(/^E.*$/gm, (match) => `<span class="error">${match}</span>`)
            resultBody.querySelector('.log').innerHTML = wrappedLog
        } else {
            resultBody.querySelector('.log').remove()
        }

        if (collapsed) {
            resultBody.querySelector('.collapsible > td')?.classList.add('collapsed')
            resultBody.querySelector('.extras-row').classList.add('hidden')
        } else {
            resultBody.querySelector('.collapsible > td')?.classList.remove('collapsed')
        }

        const media = []
        extras?.forEach(({ name, format_type, content }) => {
            if (['image', 'video'].includes(format_type)) {
                media.push({ path: content, name, format_type })
            }

            if (format_type === 'html') {
                resultBody.querySelector('.extraHTML').insertAdjacentHTML('beforeend', `<div>${content}</div>`)
            }
        })
        mediaViewer.setup(resultBody, media)

        // Add custom html from the pytest_html_results_table_html hook
        tableHtml?.forEach((item) => {
            resultBody.querySelector('td[class="extra"]').insertAdjacentHTML('beforeend', item)
        })

        return resultBody
    },
}

module.exports = {
    dom,
    htmlToElements,
    find,
    findAll,
}

},{"./mediaviewer.js":6}],3:[function(require,module,exports){
const { manager } = require('./datamanager.js')
const { doSort } = require('./sort.js')
const storageModule = require('./storage.js')

const getFilteredSubSet = (filter) =>
    manager.allData.tests.filter(({ result }) => filter.includes(result.toLowerCase()))

const doInitFilter = () => {
    const currentFilter = storageModule.getVisible()
    const filteredSubset = getFilteredSubSet(currentFilter)
    manager.setRender(filteredSubset)
}

const doFilter = (type, show) => {
    if (show) {
        storageModule.showCategory(type)
    } else {
        storageModule.hideCategory(type)
    }

    const currentFilter = storageModule.getVisible()
    const filteredSubset = getFilteredSubSet(currentFilter)
    manager.setRender(filteredSubset)

    const sortColumn = storageModule.getSort()
    doSort(sortColumn, true)
}

module.exports = {
    doFilter,
    doInitFilter,
}

},{"./datamanager.js":1,"./sort.js":7,"./storage.js":8}],4:[function(require,module,exports){
const { redraw, bindEvents, renderStatic } = require('./main.js')
const { doInitFilter } = require('./filter.js')
const { doInitSort } = require('./sort.js')
const { manager } = require('./datamanager.js')
const data = JSON.parse(document.getElementById('data-container').dataset.jsonblob)

function init() {
    manager.setManager(data)
    doInitFilter()
    doInitSort()
    renderStatic()
    redraw()
    bindEvents()
}

init()

},{"./datamanager.js":1,"./filter.js":3,"./main.js":5,"./sort.js":7}],5:[function(require,module,exports){
const { dom, find, findAll } = require('./dom.js')
const { manager } = require('./datamanager.js')
const { doSort } = require('./sort.js')
const { doFilter } = require('./filter.js')
const {
    getVisible,
    getCollapsedIds,
    setCollapsedIds,
    getSort,
    getSortDirection,
    possibleFilters,
} = require('./storage.js')

const removeChildren = (node) => {
    while (node.firstChild) {
        node.removeChild(node.firstChild)
    }
}

const renderStatic = () => {
    const renderEnvironmentTable = () => {
        const environment = manager.environment
        const rows = Object.keys(environment).map((key) => dom.getStaticRow(key, environment[key]))
        const table = document.getElementById('environment')
        removeChildren(table)
        rows.forEach((row) => table.appendChild(row))
    }
    renderEnvironmentTable()
}

const addItemToggleListener = (elem) => {
    elem.addEventListener('click', ({ target }) => {
        const id = target.parentElement.dataset.id
        manager.toggleCollapsedItem(id)

        const collapsedIds = getCollapsedIds()
        if (collapsedIds.includes(id)) {
            const updated = collapsedIds.filter((item) => item !== id)
            setCollapsedIds(updated)
        } else {
            collapsedIds.push(id)
            setCollapsedIds(collapsedIds)
        }
        redraw()
    })
}

const renderContent = (tests) => {
    const sortAttr = getSort(manager.initialSort)
    const sortAsc = JSON.parse(getSortDirection())
    const rows = tests.map(dom.getResultTBody)
    const table = document.getElementById('results-table')
    const tableHeader = document.getElementById('results-table-head')

    const newTable = document.createElement('table')
    newTable.id = 'results-table'

    // remove all sorting classes and set the relevant
    findAll('.sortable', tableHeader).forEach((elem) => elem.classList.remove('asc', 'desc'))
    tableHeader.querySelector(`.sortable[data-column-type="${sortAttr}"]`).classList.add(sortAsc ? 'desc' : 'asc')
    newTable.appendChild(tableHeader)

    if (!rows.length) {
        const emptyTable = document.getElementById('template_results-table__body--empty').content.cloneNode(true)
        newTable.appendChild(emptyTable)
    } else {
        rows.forEach((row) => {
            if (!!row) {
                findAll('.collapsible td:not(.col-links', row).forEach(addItemToggleListener)
                find('.logexpander', row).addEventListener('click',
                    (evt) => evt.target.parentNode.classList.toggle('expanded'),
                )
                newTable.appendChild(row)
            }
        })
    }

    table.replaceWith(newTable)
}

const renderDerived = () => {
    const currentFilter = getVisible()
    possibleFilters.forEach((result) => {
        const input = document.querySelector(`input[data-test-result="${result}"]`)
        input.checked = currentFilter.includes(result)
    })
}

const bindEvents = () => {
    const filterColumn = (evt) => {
        const { target: element } = evt
        const { testResult } = element.dataset

        doFilter(testResult, element.checked)
        const collapsedIds = getCollapsedIds()
        const updated = manager.renderData.tests.map((test) => {
            return {
                ...test,
                collapsed: collapsedIds.includes(test.id),
            }
        })
        manager.setRender(updated)
        redraw()
    }

    const header = document.getElementById('environment-header')
    header.addEventListener('click', () => {
        const table = document.getElementById('environment')
        table.classList.toggle('hidden')
        header.classList.toggle('collapsed')
    })

    findAll('input[name="filter_checkbox"]').forEach((elem) => {
        elem.addEventListener('click', filterColumn)
    })

    findAll('.sortable').forEach((elem) => {
        elem.addEventListener('click', (evt) => {
            const { target: element } = evt
            const { columnType } = element.dataset
            doSort(columnType)
            redraw()
        })
    })

    document.getElementById('show_all_details').addEventListener('click', () => {
        manager.allCollapsed = false
        setCollapsedIds([])
        redraw()
    })
    document.getElementById('hide_all_details').addEventListener('click', () => {
        manager.allCollapsed = true
        const allIds = manager.renderData.tests.map((test) => test.id)
        setCollapsedIds(allIds)
        redraw()
    })
}

const redraw = () => {
    const { testSubset } = manager

    renderContent(testSubset)
    renderDerived()
}

module.exports = {
    redraw,
    bindEvents,
    renderStatic,
}

},{"./datamanager.js":1,"./dom.js":2,"./filter.js":3,"./sort.js":7,"./storage.js":8}],6:[function(require,module,exports){
class MediaViewer {
    constructor(assets) {
        this.assets = assets
        this.index = 0
    }

    nextActive() {
        this.index = this.index === this.assets.length - 1 ? 0 : this.index + 1
        return [this.activeFile, this.index]
    }

    prevActive() {
        this.index = this.index === 0 ? this.assets.length - 1 : this.index -1
        return [this.activeFile, this.index]
    }

    get currentIndex() {
        return this.index
    }

    get activeFile() {
        return this.assets[this.index]
    }
}


const setup = (resultBody, assets) => {
    if (!assets.length) {
        resultBody.querySelector('.media').classList.add('hidden')
        return
    }

    const mediaViewer = new MediaViewer(assets)
    const container = resultBody.querySelector('.media-container')
    const leftArrow = resultBody.querySelector('.media-container__nav--left')
    const rightArrow = resultBody.querySelector('.media-container__nav--right')
    const mediaName = resultBody.querySelector('.media__name')
    const counter = resultBody.querySelector('.media__counter')
    const imageEl = resultBody.querySelector('img')
    const sourceEl = resultBody.querySelector('source')
    const videoEl = resultBody.querySelector('video')

    const setImg = (media, index) => {
        if (media?.format_type === 'image') {
            imageEl.src = media.path

            imageEl.classList.remove('hidden')
            videoEl.classList.add('hidden')
        } else if (media?.format_type === 'video') {
            sourceEl.src = media.path

            videoEl.classList.remove('hidden')
            imageEl.classList.add('hidden')
        }

        mediaName.innerText = media?.name
        counter.innerText = `${index + 1} / ${assets.length}`
    }
    setImg(mediaViewer.activeFile, mediaViewer.currentIndex)

    const moveLeft = () => {
        const [media, index] = mediaViewer.prevActive()
        setImg(media, index)
    }
    const doRight = () => {
        const [media, index] = mediaViewer.nextActive()
        setImg(media, index)
    }
    const openImg = () => {
        window.open(mediaViewer.activeFile.path, '_blank')
    }
    if (assets.length === 1) {
        container.classList.add('media-container--fullscreen')
    } else {
        leftArrow.addEventListener('click', moveLeft)
        rightArrow.addEventListener('click', doRight)
    }
    imageEl.addEventListener('click', openImg)
}

module.exports = {
    setup,
}

},{}],7:[function(require,module,exports){
const { manager } = require('./datamanager.js')
const storageModule = require('./storage.js')

const genericSort = (list, key, ascending, customOrder) => {
    let sorted
    if (customOrder) {
        sorted = list.sort((a, b) => {
            const aValue = a.result.toLowerCase()
            const bValue = b.result.toLowerCase()

            const aIndex = customOrder.findIndex((item) => item.toLowerCase() === aValue)
            const bIndex = customOrder.findIndex((item) => item.toLowerCase() === bValue)

            // Compare the indices to determine the sort order
            return aIndex - bIndex
        })
    } else {
        sorted = list.sort((a, b) => a[key] === b[key] ? 0 : a[key] > b[key] ? 1 : -1)
    }

    if (ascending) {
        sorted.reverse()
    }
    return sorted
}

const durationSort = (list, ascending) => {
    const parseDuration = (duration) => {
        if (duration.includes(':')) {
            // If it's in the format "HH:mm:ss"
            const [hours, minutes, seconds] = duration.split(':').map(Number)
            return (hours * 3600 + minutes * 60 + seconds) * 1000
        } else {
            // If it's in the format "nnn ms"
            return parseInt(duration)
        }
    }
    const sorted = list.sort((a, b) => parseDuration(a['duration']) - parseDuration(b['duration']))
    if (ascending) {
        sorted.reverse()
    }
    return sorted
}

const doInitSort = () => {
    const type = storageModule.getSort(manager.initialSort)
    const ascending = storageModule.getSortDirection()
    const list = manager.testSubset
    const initialOrder = ['Error', 'Failed', 'Rerun', 'XFailed', 'XPassed', 'Skipped', 'Passed']

    storageModule.setSort(type)
    storageModule.setSortDirection(ascending)

    if (type?.toLowerCase() === 'original') {
        manager.setRender(list)
    } else {
        let sortedList
        switch (type) {
        case 'duration':
            sortedList = durationSort(list, ascending)
            break
        case 'result':
            sortedList = genericSort(list, type, ascending, initialOrder)
            break
        default:
            sortedList = genericSort(list, type, ascending)
            break
        }
        manager.setRender(sortedList)
    }
}

const doSort = (type, skipDirection) => {
    const newSortType = storageModule.getSort(manager.initialSort) !== type
    const currentAsc = storageModule.getSortDirection()
    let ascending
    if (skipDirection) {
        ascending = currentAsc
    } else {
        ascending = newSortType ? false : !currentAsc
    }
    storageModule.setSort(type)
    storageModule.setSortDirection(ascending)

    const list = manager.testSubset
    const sortedList = type === 'duration' ? durationSort(list, ascending) : genericSort(list, type, ascending)
    manager.setRender(sortedList)
}

module.exports = {
    doInitSort,
    doSort,
}

},{"./datamanager.js":1,"./storage.js":8}],8:[function(require,module,exports){
const possibleFilters = [
    'passed',
    'skipped',
    'failed',
    'error',
    'xfailed',
    'xpassed',
    'rerun',
]

const getVisible = () => {
    const url = new URL(window.location.href)
    const settings = new URLSearchParams(url.search).get('visible')
    const lower = (item) => {
        const lowerItem = item.toLowerCase()
        if (possibleFilters.includes(lowerItem)) {
            return lowerItem
        }
        return null
    }
    return settings === null ?
        possibleFilters :
        [...new Set(settings?.split(',').map(lower).filter((item) => item))]
}

const hideCategory = (categoryToHide) => {
    const url = new URL(window.location.href)
    const visibleParams = new URLSearchParams(url.search).get('visible')
    const currentVisible = visibleParams ? visibleParams.split(',') : [...possibleFilters]
    const settings = [...new Set(currentVisible)].filter((f) => f !== categoryToHide).join(',')

    url.searchParams.set('visible', settings)
    window.history.pushState({}, null, unescape(url.href))
}

const showCategory = (categoryToShow) => {
    if (typeof window === 'undefined') {
        return
    }
    const url = new URL(window.location.href)
    const currentVisible = new URLSearchParams(url.search).get('visible')?.split(',').filter(Boolean) ||
        [...possibleFilters]
    const settings = [...new Set([categoryToShow, ...currentVisible])]
    const noFilter = possibleFilters.length === settings.length || !settings.length

    noFilter ? url.searchParams.delete('visible') : url.searchParams.set('visible', settings.join(','))
    window.history.pushState({}, null, unescape(url.href))
}

const getSort = (initialSort) => {
    const url = new URL(window.location.href)
    let sort = new URLSearchParams(url.search).get('sort')
    if (!sort) {
        sort = initialSort || 'result'
    }
    return sort
}

const setSort = (type) => {
    const url = new URL(window.location.href)
    url.searchParams.set('sort', type)
    window.history.pushState({}, null, unescape(url.href))
}

const getCollapsedCategory = (renderCollapsed) => {
    let categories
    if (typeof window !== 'undefined') {
        const url = new URL(window.location.href)
        const collapsedItems = new URLSearchParams(url.search).get('collapsed')
        switch (true) {
        case !renderCollapsed && collapsedItems === null:
            categories = ['passed']
            break
        case collapsedItems?.length === 0 || /^["']{2}$/.test(collapsedItems):
            categories = []
            break
        case /^all$/.test(collapsedItems) || collapsedItems === null && /^all$/.test(renderCollapsed):
            categories = [...possibleFilters]
            break
        default:
            categories = collapsedItems?.split(',').map((item) => item.toLowerCase()) || renderCollapsed
            break
        }
    } else {
        categories = []
    }
    return categories
}

const getSortDirection = () => JSON.parse(sessionStorage.getItem('sortAsc')) || false
const setSortDirection = (ascending) => sessionStorage.setItem('sortAsc', ascending)

const getCollapsedIds = () => JSON.parse(sessionStorage.getItem('collapsedIds')) || []
const setCollapsedIds = (list) => sessionStorage.setItem('collapsedIds', JSON.stringify(list))

module.exports = {
    getVisible,
    hideCategory,
    showCategory,
    getCollapsedIds,
    setCollapsedIds,
    getSort,
    setSort,
    getSortDirection,
    setSortDirection,
    getCollapsedCategory,
    possibleFilters,
}

},{}]},{},[4]);
    </script>
  </footer>
</html>